06:55 Pitts     : F
07:21 CinCiang  : czesc wojtku
07:21 Inver     : Siema
07:21 BlockPlayer002: cześć
07:22 CinCiang      : ocen domek
07:22 BlockPlayer002: odpowiadaj na lekcji
07:23 BlockPlayer002: XD
07:23 BlockPlayer002: what
07:23 CinCiang      : XD
07:23 BlockPlayer002: mocne 2/10
07:26 BlockPlayer002: co to takie przed moim domkiem?
07:26 CinCiang      : jakas kupa
07:28 BlockPlayer002: czy ja żyje?
07:28 CinCiang      : tak
07:28 BlockPlayer002: a to są lagi
07:40 BlockPlayer002: F
07:47 BlockPlayer002: F
07:47 CinCiang      : wtf
07:49 Inver         : XD
07:50 Inver         : siema Marta
07:50 CinCiang      : czesc
07:50 Tusix         : hej
07:50 BlockPlayer002: AAAAAAAAAA
07:51 CinCiang      : BlockPlayer002 tpa xD
07:51 Inver         : /msg Tusix masz moze owce? 
07:51 Tusix         : /msg Inver jeszcze nie XD 
07:52 Inver         : /r szkoda, bo porzebuje mnostwa lozek XDD 
07:52 BlockPlayer002: darmowe postronki
07:52 CinCiang      : patrz co mi sie w domu zrespilo xD
07:56 BlockPlayer002: F
07:56 Tusix         : /msg Inver po co ci dużo lozek? XD 
07:57 BlockPlayer002: Dzień dobry
07:57 Pitts         : Dzień dobry
07:57 Pitts         : jak dzionek mija?
07:57 BlockPlayer002: a no dobrze nie narzekam
07:57 Inver         : /r tepnij to zobaczysz XDD 
07:59 BlockPlayer002: F
08:00 Inver         : /msg Tusix tepasz czy nie bo bym poszedl cos zjesc jeszcze za chiwle xd 
08:01 Inver         : /r XD 
08:01 Tusix         : /msg Inver co ja tu robię XD 
08:01 Inver         : /r a i juz lozek nie mam xd 
08:01 Tusix         : /msg Inver musiałam na wf wbić 
08:02 Tusix         : /msg Inver stop XD 
08:02 Inver         : /r dobra ja narazie lece 
08:02 Inver         : /r a ty tu sie nie spal XD 
08:02 Inver         : zw
08:03 Tusix         : siema Oli
08:03 000Mika       : Siema
08:04 CinCiang      : wlacz dzien 000Mika Tusix
08:04 Kamil_        : witam
08:04 Monka2137     : siema
08:04 BlockPlayer002: hejka
08:05 Pitts         : hi
08:05 Tusix         : /msg Monka2137 kto to Pitts? 
08:05 Monka2137     : /msg Tusix nie mam pojęcia 
08:06 Monka2137     : /msg Tusix ale chyba Artur 
08:11 000Mika       :  placed a sign @ world: x581, z92
  ===============
  Dynia na głowę
  i do przodu
  000Mika
08:17 000Mika       : /msg Inver siema kto to jest Pitts ? 
08:17 Inver         : /r hejka 
08:17 Inver         : /r Artur 
08:17 000Mika       : /msg Inver aaaa 
08:17 Inver         : /r ejj masz wlene moze? 
08:18 000Mika       : /msg Inver 3 sztuki 
08:18 Inver         : /r ten sam kolor? 
08:18 000Mika       : /msg Inver nie 
08:18 Inver         : /r fuk xd 
08:18 Inver         : /r a moge? 
08:18 000Mika       : /msg Inver pewnie 
08:19 000Mika       : /msg Inver co to 
08:19 Inver         : /r netherite <3333 
08:19 000Mika       : /msg Inver o kurcze 
08:19 Inver         : /r gdzie ta welna? xd 
08:20 Inver         : /r o krwa xd 
08:20 Inver         : /r ale dzieki anyway <3 
08:20 000Mika       : /msg Inver widziałeś dnie XD 
08:20 000Mika       : /msg Inver XDD 
08:20 Inver         : /r oo dziekuje :) 
08:21 000Mika       : /msg Inver lóż 
08:21 Inver         : /r git gód 
08:21 000Mika       : /msg Inver o tag 
08:22 Inver         : /r chcialas czarny brawnik? 
08:22 000Mika       : /msg Inver tak 
08:22 Inver         : F
08:22 BlockPlayer002: F
08:22 Inver         : /r :( 
08:22 Kamil_        : f
08:22 000Mika       : /msg Inver danke 
08:22 000Mika       : /msg Inver ej patrz 
08:23 Inver         : /r ? 
08:23 Inver         : /r gitttt 
08:23 000Mika       : /msg Inver stoszkoinator 
08:23 Inver         : /r ej :( 
08:23 000Mika       : /msg Inver no obiecałam że ciebie uderze 
08:23 BlockPlayer002: zw
08:24 000Mika       : F
08:24 Inver         : /r a no takk xd 
08:25 000Mika       : /msg Inver XD 
08:27 000Mika       : /msg Inver masz siekierę? 
08:27 Inver         : /r tylko drwniana :( 
08:27 Inver         : /r ej chcesz zobaczyc jak sie kopie netherite> 
08:27 000Mika       : /msg Inver :( 
08:28 000Mika       : /msg Inver XDDDD 
08:28 Inver         : /r na necie znalazlem XD 
08:29 000Mika       : /msg Inver potowarzyszę ci XD 
08:30 000Mika       : /msg Inver XD 
08:31 000Mika       : /msg Inver nie umiem XD 
08:31 Inver         : /r uzyj go 
08:31 Inver         : /r jak spanie 
08:31 000Mika       : /msg Inver aaa 
08:31 Inver         : /r ale badz daleko 
08:31 Tusix         : /msg Inver ha wygrałam zakład nie ma trawy u mnie w piwnicy XD 
08:31 Inver         : /r xdddd 
08:32 Inver         : /r przeparsazam XD 
08:32 000Mika       : /msg Inver jestem w stanie ci wybaczyć 
08:32 Inver         : /r <3 
08:32 Inver         : /msg Tusix moge potem pomoc ci owce znalesc 
08:32 Inver         : /r i do zagrody zaprowadzic 
08:33 Tusix         : /msg Inver ok tylko co z tą trawą XD 
08:33 Inver         : /msg 000Mika masz deski 
08:33 000Mika       : /msg Inver nie 
08:33 Inver         : /r XDD 
08:33 Inver         : /r ile masz lozek jezczse? 
08:34 Inver         : /r mam nastepne 
08:35 Inver         : /r choc do bazy narazie 
08:35 000Mika       : /msg Inver właśnie ja kończe narie 
08:35 Inver         : /r okej pa 
08:35 000Mika       : /msg Inver pa 
08:36 Inver         : /msg Tusix a ta zagroda obok twojego domku 
08:36 Inver         : /r ? 
08:37 Tusix         : /msg Inver to może być wspólna zagroda XD 
08:37 Inver         : /r ja z Oli tylko potrzebujemy duzo welny XDDD 
08:38 Tusix         : /msg Inver ale po co wam XD 
08:38 Inver         : /r kopiemy netherite 
08:59 Inver         : ./nazwaumijeetnosci
09:03 Monka2137     : trzeba mi fortune 2
09:03 Monka2137     : ma ktos
09:04 Inver         : ja mialem III ale wiesz co sie stalo
09:05 Monka2137     : nie wiem
09:06 Monka2137     : mam smite 4 na mieczu
09:21 Pitts         : monka ty chciałaś szczęscie 2?
09:22 Monka2137     : juz mam '
09:22 Pitts         : k
09:22 Monka2137     : ale dzięki
09:23 Inver         : /msg Tusix jak cos juz sa owieczki 
09:25 Tusix         : /msg Inver Paweł da sie przesunąć mój dom? XD 
09:25 Inver         : /r z piwnica? 
09:25 000Mika       : /msg Inver jak nisko trzeba kupoac te dzwine bloki 
09:25 Inver         : /msg 000Mika gdzie sa lozka? XD 
09:25 Inver         : /r lozka stawiaj na 26 bloku 
09:25 Inver         : /r 16*] 
09:25 000Mika       : /msg Inver ja mam 
09:25 Inver         : /r ja zrobie potki odpornosci na ogien 
09:26 Tusix         : /msg Inver kurde chyba będzie ciężko z piwnićą ale po prostu Kamil i Tomek sa za blisko 
09:26 000Mika       : /msg Inver sprzydadzą sie 
09:26 Inver         : /r wiem XD 
09:26 000Mika       : /msg Inver to ja zrobie więcej łóżek 
09:27 Inver         : /msg Tusix no nie wiem co lwansie odpierdalaja xd 
09:27 Inver         : /msg 000Mika mamy juz owce w zagrodzie obok twojego domku 
09:27 Tusix         : /msg Inver miała być ładna duża polana a tu na środku villa a obo dom na drzewie XD 
09:28 Inver         : /r no kurwa wiem wlansie xd 
09:28 Inver         : /r bedze trzeba im pwoeidziec 
09:28 000Mika       : /msg Inver XDD 
09:28 Inver         : /r nie do cb xD 
09:28 000Mika       : /msg Inver wię co trzeba będzie powiedzieć 
09:28 Inver         : /r co? XD 
09:29 000Mika       : /msg Inver nvm 
09:29 Inver         : /msg Tusix pwiem im zeby sie rpzesuneli 
09:29 Inver         : /msg Kamil_ ej a mozesz domek jakos przesuanc xd 
09:30 Tusix         : /msg Inver albo chociaż moj dom gdzieś dalej bo mi go zasłaniają 
09:32 Inver         : /msg Tusix ej widzisz co pisze do innych? 
09:32 Inver         : zw, meczyk w lolu xd
09:32 Tusix         : /msg Inver nie 
09:32 Inver         : /msg 000Mika ej uwazaj zebys nie splonela, ja na jeden meczyk w lola ide narazie xd 
09:43 BlockPlayer002 placed suspicious WATER_BUCKET @ world: x-456, z134
09:43 zygfrydek02   : cześć
09:43 000Mika       : siema
09:43 Pitts         : hi
09:44 Pitts         : jacek mess
09:45 zygfrydek02   : cześć
09:45 zygfrydek02   : sorki xd
09:52 BlockPlayer002: F
10:01 000Mika       : Paweł zniknął Stefan :((
10:01 Inver         : trzeba nametaga
10:01 000Mika       : nie mam
10:02 Inver         : potem zrespawnie
10:02 000Mika       : ok
10:05 BlockPlayer002 placed suspicious WATER_BUCKET @ world: x552, z180
10:05 BlockPlayer002: F
10:06 Inver         : /msg 000Mika robilas jusz sztabi netherite? 
10:06 BlockPlayer002 placed suspicious WATER_BUCKET @ world: x552, z181
10:06 Inver         : /msg 000Mika iosz* 
10:06 Pitts         : F
10:06 CinCiang      : ff
10:06 zygfrydek02   : f
10:06 000Mika       : /msg Inver nie 
10:06 Inver         : /r to potem pokaze CI jak sie robi 
10:10 BlockPlayer002 placed suspicious WATER_BUCKET @ world: x552, z181
10:11 Inver         : /msg 000Mika dobra mozemy isc kopac 
10:12 000Mika       : /msg Inver ok 
10:12 BlockPlayer002 placed suspicious WATER_BUCKET @ world: x552, z181
10:13 BlockPlayer002 placed suspicious WATER_BUCKET @ world: x552, z181
10:13 BlockPlayer002 placed suspicious WATER_BUCKET @ world: x552, z181
10:13 BlockPlayer002 placed suspicious WATER_BUCKET @ world: x552, z181
10:13 BlockPlayer002 placed suspicious WATER_BUCKET @ world: x552, z181
10:13 BlockPlayer002 placed suspicious WATER_BUCKET @ world: x552, z181
10:13 BlockPlayer002: F
10:13 Inver         : /msg 000Mika tylko patrz na czas potki xd 
10:14 000Mika       : /msg Inver dobrze XD 
10:14 Inver         : /r gdzie jetses? 
10:14 BlockPlayer002 placed suspicious WATER_BUCKET @ world: x552, z181
10:16 Inver         : /msg 000Mika masz lozka? 
10:16 000Mika       : /msg Inver nie 
10:16 Inver         : /r to tepaj XD 
10:16 BlockPlayer002:  placed a sign @ world: x551, z181
  D
10:17 000Mika       : /msg Inver nie jest mi potrzebne 
10:18 Inver         : /msg 000Mika to co ty robisz? xd 
10:18 000Mika       : /msg Inver no szukam tego bloka 
10:19 Inver         : /r i ile znalazlas? 
10:19 000Mika       : /msg Inver 0 
10:19 Inver         : /r chodz do mnie 
10:19 Inver         : /r bierz i wysadzaj 
10:20 000Mika       : /msg Inver nie moge tego wziąść 
10:20 Inver         : /r czemu? 
10:20 CinCiang placed suspicious LAVA_BUCKET @ world: x-361, z52
10:20 CinCiang placed suspicious LAVA_BUCKET @ world: x-361, z52
10:20 000Mika       : /msg Inver nie mam miejsca w ekfipunku 
10:20 CinCiang placed suspicious LAVA_BUCKET @ world: x-357, z51
10:20 Inver         : /r smieci do shulkera daj 
10:20 Inver         : /r zaraz potka sie konczy jakby co 
10:20 Inver         : /r wez 2. 
10:22 BlockPlayer002: ma ktoś pożyczyć 56 wodorostów
10:22 BlockPlayer002: ?
10:22 Inver         : /r nie mam joz lozek 
10:22 000Mika       : /msg Inver tyle mam 
10:24 Inver         : /r zaraz tu wracamy 
10:24 Inver         : /r nie mam juz 
10:24 000Mika       : /msg Inver ok 
10:25 Inver         : /r dobra teraz sztaki zrobimy 
10:25 Inver         : /r 1. przetapiasz 
10:25 Inver         : /r potem trzeba uzyc 4 fragmentow z przetopienia oraz 4 sztabek zlota 
10:25 000Mika       : /msg Inver wię mam włożyc do piecyka 
10:26 000Mika       : /msg Inver bo ja nie chce tego zepsuć dlatego sie pytam 
10:26 Inver         : /r tak 
10:26 Inver         : /r te bloki do piecyka 
10:26 Inver         : /r a na dc dalem jak sie sztaki craftuje 
10:26 Inver         : /r ja juz umiem, teraz cb che nauczyc XD 
10:26 000Mika       : /msg Inver XDD 
10:28 Inver         : /r wez i przechowaj 
10:28 Inver         : /r narazie nie ma sensu ulepszac eq 
10:28 000Mika       : /msg Inver ok 
10:28 Inver         : /r moz ze masz najlepsza mozliwa diamentowa zbroje 
10:29 CinCiang      : tpa
10:29 000Mika       : /msg Inver XDDD 
10:29 CinCiang placed suspicious LAVA_BUCKET @ world: x-363, z52
10:29 CinCiang placed suspicious LAVA_BUCKET @ world: x-363, z49
10:30 CinCiang placed suspicious LAVA_BUCKET @ world: x-365, z49
10:30 CinCiang placed suspicious LAVA_BUCKET @ world: x-365, z49
10:30 CinCiang placed suspicious LAVA_BUCKET @ world: x-358, z51
10:30 CinCiang placed suspicious LAVA_BUCKET @ world: x-357, z50
10:30 CinCiang placed suspicious LAVA_BUCKET @ world: x-359, z48
10:30 000Mika       :  placed a sign @ world: x563, z68
  ===============
  KOSZ
  ===============
10:30 CinCiang placed suspicious LAVA_BUCKET @ world: x-359, z49
10:31 CinCiang placed suspicious WATER_BUCKET @ world: x-362, z51
10:31 BlockPlayer002: gdzie jest ocean?
10:32 000Mika       :  placed a sign @ world: x563, z68
  KOSZ
  I
  I
  V
10:32 CinCiang placed suspicious WATER_BUCKET @ world: x-357, z50
10:33 CinCiang placed suspicious LAVA_BUCKET @ world: x-386, z43
10:33 CinCiang placed suspicious LAVA_BUCKET @ world: x-389, z46
10:33 CinCiang placed suspicious LAVA_BUCKET @ world: x-388, z48
10:34 CinCiang placed suspicious WATER_BUCKET @ world: x-357, z50
10:34 CinCiang placed suspicious WATER_BUCKET @ world: x-357, z50
10:34 BlockPlayer002 placed suspicious WATER_BUCKET @ world: x588, z649
10:34 BlockPlayer002 placed suspicious WATER_BUCKET @ world: x583, z656
10:34 BlockPlayer002 placed suspicious WATER_BUCKET @ world: x580, z669
10:35 BlockPlayer002 placed suspicious WATER_BUCKET @ world: x626, z697
10:35 BlockPlayer002 placed suspicious WATER_BUCKET @ world: x627, z698
10:35 BlockPlayer002 placed suspicious WATER_BUCKET @ world: x628, z698
10:35 CinCiang      : ez
10:35 BlockPlayer002: F
10:39 CinCiang placed suspicious WATER_BUCKET @ world: x-119, z105
10:43 Inver         : /r idziesz kopac? 
10:43 000Mika       : /msg Inver tak 
10:49 Pitts         : /msg JACK0 whats u doing? 
10:49 Kamil_        : F
10:50 Pitts         : /msg JACKO whats u doing 
10:50 JACKO         : /msg Pitts fucking a dog 
10:50 JACKO         : /msg Pitts sory nie tu 
10:50 Pitts         : /msg JACKO understantimate 
10:50 Pitts         : /msg JACKO czy chuj wie jak to sie pisze 
10:52 CinCiang      : f
10:52 Pitts         : F
10:52 Pitts         : /msg JACKO n00b 
10:52 Kamil_        : f
10:52 000Mika       : /msg Inver masz łóżka? 
10:52 Inver         : /r juz nie 
10:52 Inver         : /r braklo? 
10:52 000Mika       : /msg Inver tak 
10:52 Inver         : /r bierz shulkera i do bazy dizmey 
10:54 000Mika       : /msg Inver były łóżka XDDD 
10:54 CinCiang placed suspicious WATER_BUCKET @ world: x-357, z50
10:54 Inver         : /r a ok XD 
10:54 Inver         : /r ile wykopalas? 
10:54 000Mika       : /msg Inver 3 XD 
10:54 Inver         : /r ja 9, musisz sie bardziej postarac XD 
10:54 000Mika       : /msg Inver ty myślisz że ja się nie strama 
10:55 000Mika       : /msg Inver :(( 
10:55 Inver         : /r wiem, przepraszam :(( 
11:01 000Mika       : XD
11:07 Inver         : /msg 000Mika gdzie jetses bo mozemy isc kopac 
11:07 zygfrydek02 placed suspicious WATER_BUCKET @ world: x675, z54
11:07 000Mika       : /msg Inver poszłam na pustynie pójdę potem i tak mało znajduje 
11:08 Inver         : /r :(( 
11:08 zygfrydek02 placed suspicious WATER_BUCKET @ world: x616, z33
11:08 zygfrydek02 placed suspicious WATER_BUCKET @ world: x581, z86
11:13 Tusix         : /msg Inver ej Paweł pomożesz mi później znaleźć diaxy bo ja już szukam 2h i nie mam nic XD 
11:13 Inver         : /r mam cos 50 ich, moge troche dac, rowniez moge zaraz pomoc szukac jak chcesz 
11:14 Tusix         : /msg Inver co masz po chemii? 
11:14 Inver         : /r sprawdze 
11:14 Inver         : /r WF czyli moge grac XD 
11:15 Tusix         : /msg Inver a no przecież mamy razem wf XD 
11:15 Inver         : /r o to w MC sie spotykamy XD 
11:22 Inver         : /r :) 
11:22 Inver         : /r nie tu XD 
11:23 Inver         : /msg 000Mika :) 
11:23 Inver         : /r 3 znalazlem poelnym shulkerem lozek 
11:23 000Mika       : /msg Inver XDD 
11:23 Tusix         : /msg Inver XDD 
11:24 000Mika       : /msg Inver no to nieźle 
11:24 Inver         : /r heh xd 
11:24 Inver         : /r a takich ze 40 potrzebujemy XD 
11:25 000Mika       : /msg Inver XDD 
11:25 000Mika       : /msg Inver mam 23 wełny 
11:25 Inver         : /r mozesz mi dac 
11:25 000Mika       : /msg Inver tepaj 
11:26 Inver         : /r ok dziekuje 
11:27 000Mika       : /msg Inver lóż 
11:27 Inver         : /r git gód 
11:27 000Mika       : /msg Inver masz linka do zajęć 
11:27 Inver         : /r na chemie? 
11:28 000Mika       : /msg Inver tak 
11:28 Inver         : /r stary jest tylko chyba] 
11:28 Inver         : /r :( 
11:28 Inver         : /r ktr nie dizla 
11:28 000Mika       : /msg Inver mi żaden nie działa 
11:28 Inver         : /r mi wlasnie tez 
11:46 Inver         : meet.google.com/upn-nynu-qeb
11:50 zygfrydek02   : f
11:54 Inver         : /msg 000Mika kurdea splonolem ale przynajmniej netherite nie pali sie 
11:55 000Mika       : /msg Inver :(( 
11:55 Inver         : /r ale juz mamy expoiarke ! 
11:55 Inver         : /r :)))) 
11:55 000Mika       : /msg Inver :)) 
11:56 000Mika       : /msg Inver jak sie robi nieskończone źródło wody 
11:57 Inver         : /r masz kilof? 
11:57 Inver         : /r a 2 kubki wody? 
11:57 Inver         : /r a XD 
11:58 Inver         : /r przechowaj 
11:58 Inver         : /r 2. daj XD 
11:59 Inver         : /r bierz wode tylko ze srodka 
11:59 000Mika       : /msg Inver dziekuje <3 
11:59 Inver         : /r prosze <33 
12:01 CinCiang      : jd
12:01 JACKO         : +1
12:01 Inver         : jeszcze jak
12:02 Inver         : /r XDDDDDDDDDD 
12:02 000Mika       : /msg Inver XDDD 
12:02 000Mika       : /msg Inver dziękuje 
12:03 Inver         : /r xd 
12:03 000Mika       : /msg Inver XD 
12:03 CinCiang      : polecam back
12:03 000Mika       : /msg Inver nic nie wiesz jak coś XD 
12:04 Inver         : /r cos ty zrobila stoszku XD 
12:04 000Mika       : /msg Inver jestem geniuszem zła XD 
12:04 Inver         : /r a ja Inver Pan Pael 
12:04 Inver         : /r Paweł* 
12:04 000Mika       : /msg Inver XD 
12:04 Tusix         : /msg Inver Paweł dlaczego tu jestem? XD 
12:04 Inver         : /r gdzie? 
12:05 Inver         : /msg 000Mika Marta do mnie pisze XD 
12:05 000Mika       : /msg Inver trzeba było ratowac Marte a nie mi jeszcze pomagać XD 
12:05 Tusix         : /msg Inver moj lvl :( 
12:05 Inver         : /msg Tusix gdzie? 
12:05 Inver         : /r pigmen cie zavbil 
12:05 Tusix         : /msg Inver ale ja byłam u oli w piwnicy 
12:05 000Mika       : /msg Inver XD 
12:06 Inver         : /msg 000Mika smutno jej teraz przez Ciebie :( 
12:06 Inver         : /msg Tusix moze jakis pigmen weszedl do pwinicy XD 
12:06 Tusix         : /msg Inver ale jak dałam back to się tu pojawiłam 
12:06 Inver         : /r gdzie? 
12:06 000Mika       : /msg Inver no przepraszam ale jestem zajebistym złoczyńcą XDDD 
12:07 000Mika       : f XD
12:07 zygfrydek02   : f
12:07 Inver         : /msg 000Mika moge miecza? 
12:08 000Mika       : /msg Inver no 
12:08 000Mika       : /msg Inver tepaj 
12:09 zygfrydek02   : f
12:09 Inver         : xd
12:09 000Mika       : masz mój miecz
12:09 Inver         : ta
12:13 000Mika       : /msg Inver masz perłe kresu ? 
12:14 Inver         : /r XD 
12:14 000Mika       : /msg Inver dziękuje ale chciałam 1 XD 
12:17 zygfrydek02 placed suspicious WATER_BUCKET @ world: x539, z86
12:18 000Mika       : /msg Inver mogę miecz ?? 
12:19 Tusix         : /msg Inver Paweł to idziemy na te diaxy? 
12:20 Inver         : /msg Tusix tak ale kilof tylko dobrze zenchantuje 
12:21 Inver         : /msg 000Mika ok 
12:21 000Mika       : /msg Inver już nie chce 
12:21 Inver         : /r ok xd 
12:21 000Mika       : /msg Inver witaj w mojej prywatnej wiosce 
12:22 Inver         : /r fajnie tu 
12:22 000Mika       : /msg Inver idę robic test z wf wrrrr 
12:22 Inver         : /r WF? wrrrr 
12:22 Inver         : /r dobrze ci pojdzie :) 
12:28 Inver         : /msg Tusix napisz jak bedziesz 
12:29 000Mika       : /msg Inver jebniesz ja ci coś pokaże 
12:29 000Mika       : /msg Inver patzr na dc 
12:29 Inver         : /r coo XD 
12:29 Tusix         : /msg inver ja już jestem 
12:30 Inver         : /msg 000Mika czekaj jakie dc? 
12:30 000Mika       : /msg Inver patzr na discorda 
12:31 Inver         : /msg 000Mika co do kurwy WRRRRRR 
12:31 000Mika       : /msg Inver XDD 
12:31 Inver         : /msg Tusix okej chwilka 
12:31 Inver         : /msg 000Mika podaj mi adres tego wuefisty to pogadam z nim 
12:31 000Mika       : /msg Inver XDD 
12:32 Inver         : /r no jakis zjebany 
12:32 Inver         : /r psychatryka na niego nasle XD 
12:32 Inver         : /r XD 
12:32 000Mika       : /msg Inver no nic nie zrobię XD 
12:35 000Mika       : proszę nie zabijac zombie w moim domu
12:35 Inver         : XD
12:35 000Mika       : proszę XD
12:35 CinCiang      : xD
12:37 Inver         : /msg 000Mika ej bo Pati miala ponoc 100 i tez nie zdala XD, mowilem ze pschyatryka trzeba neslec 
12:38 Tusix         : /msg Inver idziemy? 
12:38 000Mika       : /msg Inver jak uleczyć vilagera 
12:38 Inver         : /r Tusix okej, masz pochodnie? 
12:39 000Mika       : /msg Inver jaką potką 
12:39 Tusix         : /msg Inver tak 
12:39 Inver         : /msg 000Mika oslabienia rzuc 
12:39 Inver         : /msg Tusix XD 
12:39 000Mika       : /msg Inver czyli jak ją zrobić 
12:39 Inver         : /r nie umiem jej robic XD 
12:40 Inver         : /r nie do cb xd 
12:40 Inver         : /msg 000Mika nie umiem jej zrobic, w necie moge sprwaidzc 
12:40 000Mika       : /msg Inver XDDD 
12:40 Inver         : /msg Tusix ty tylko stwaiaj pohodnie 
12:41 Inver         : /msg 000Mika sprawdzilas czy ja mam? 
12:41 CinCiang      : &2 s
12:41 CinCiang      : &2 v
12:41 CinCiang      : &5 v
12:43 CinCiang      : &l&5dostępny jest &1/warp exp
12:45 CinCiang      :  placed a sign @ world: x38, z221
  /warp
  exp
  end
12:46 Inver         : /msg Tusix boosta teraz mam 
12:46 Tusix         : /msg Inver jakim cudem aż tyle 
12:46 Inver         : /r mam fortune III XD 
12:47 CinCiang      :  placed a sign @ world: x565, z230
  a
12:49 000Mika       : Inverno Panie Pawle
12:49 Inver         : ?
12:49 000Mika       : gdzie mój stefan
12:49 000Mika       : retrospekcja
12:49 Inver         : czekaj XD
12:50 zygfrydek02 placed suspicious WATER_BUCKET @ world: x992, z-665
12:50 zygfrydek02 placed suspicious WATER_BUCKET @ world: x990, z-665
12:50 zygfrydek02 placed suspicious WATER_BUCKET @ world: x989, z-665
12:50 zygfrydek02 placed suspicious WATER_BUCKET @ world: x989, z-671
12:50 zygfrydek02 placed suspicious WATER_BUCKET @ world: x989, z-667
12:50 zygfrydek02 placed suspicious WATER_BUCKET @ world: x990, z-667
12:50 zygfrydek02 placed suspicious WATER_BUCKET @ world: x990, z-667
12:51 zygfrydek02 placed suspicious WATER_BUCKET @ world: x989, z-668
12:51 zygfrydek02 placed suspicious WATER_BUCKET @ world: x989, z-669
12:51 zygfrydek02 placed suspicious WATER_BUCKET @ world: x989, z-670
12:51 Tusix         : /msg Inver wystarczy paweł dziekuje 
12:51 Inver         : /r ok 
12:51 zygfrydek02 placed suspicious WATER_BUCKET @ world: x991, z-664
12:51 zygfrydek02 placed suspicious WATER_BUCKET @ world: x991, z-665
12:51 Inver         : /r mozesz dac pochodnie? 
12:51 Inver         : /r bo bym pokopal jeszce 
12:51 Inver         : /r dzieks 
12:52 zygfrydek02 placed suspicious WATER_BUCKET @ world: x989, z-663
12:52 zygfrydek02 placed suspicious WATER_BUCKET @ world: x990, z-663
12:52 zygfrydek02 placed suspicious WATER_BUCKET @ world: x989, z-665
12:52 zygfrydek02 placed suspicious WATER_BUCKET @ world: x990, z-665
12:52 Tusix         : /msg Inver masz więchej chodź tu 
12:52 zygfrydek02 placed suspicious WATER_BUCKET @ world: x989, z-665
12:52 zygfrydek02 placed suspicious WATER_BUCKET @ world: x990, z-665
12:52 zygfrydek02 placed suspicious WATER_BUCKET @ world: x991, z-665
12:52 Inver         : /r czkeaj 
12:55 Pitts placed suspicious WATER_BUCKET @ world: x-670, z633
12:55 Pitts placed suspicious WATER_BUCKET @ world: x-671, z639
12:55 CinCiang      : f
12:55 Inver         : F
12:55 Pitts placed suspicious WATER_BUCKET @ world: x-673, z642
12:55 zygfrydek02   : f
12:55 Monka2137     : f
12:56 Tusix         : zemsta będzie słodka XD
12:59 CinCiang      : /tell Inver zmywarka jest xD 
13:00 CinCiang      : /tell ppolak , 
13:00 Inver         : /msg CinCiang jak jest zmywarka to po co Ci Pati XD 
13:00 Monka2137     : /tell CinCiang siem 
13:02 Inver         : /msg 000Mika o jestes prwaie 
13:03 Inver         : /r sztabek netheritu potrzebuje 
13:03 Inver         : /r 4 
13:03 zygfrydek02   : f
13:03 000Mika       : /msg Inver git 
13:03 zygfrydek02 placed suspicious WATER_BUCKET @ world: x542, z187
13:04 000Mika       : /msg Inver kurka rurka vilager mi zwiał XD 
13:04 Inver         : /r sztabki xd 
13:04 Inver         : /r az 11 ich mamy?? XD 
13:04 Inver         : /r to zrobie set od razu dla cb 
13:05 000Mika       : /msg Inver ja nie potrzebuje 
13:05 Inver         : /r ale stac nas na 2 
13:06 000Mika       : /msg Inver XDD 
13:07 Inver         : /r masz idaxy na helm i buty? xd 
13:07 000Mika       : /msg Inver nie chyba XD 
13:09 Pitts         : /msg JACKO dc? 
13:09 CinCiang      : ^
13:10 CinCiang      : f
13:16 Inver         : /msg 000Mika ? 
13:17 CinCiang      : "miły"
13:19 zygfrydek02 placed suspicious WATER_BUCKET @ world: x1050, z-691
13:20 zygfrydek02 placed suspicious WATER_BUCKET @ world: x991, z-693
13:20 Monka2137     : siema
13:21 000Mika       : /msg Inver dasz mi miecz 
13:21 Inver         : /r tepnij 
13:21 zygfrydek02 placed suspicious WATER_BUCKET @ world: x989, z-677
13:21 zygfrydek02 placed suspicious WATER_BUCKET @ world: x989, z-677
13:22 zygfrydek02 placed suspicious WATER_BUCKET @ world: x991, z-683
13:22 zygfrydek02 placed suspicious WATER_BUCKET @ world: x989, z-682
13:22 zygfrydek02 placed suspicious WATER_BUCKET @ world: x989, z-682
13:22 zygfrydek02 placed suspicious WATER_BUCKET @ world: x990, z-682
13:22 zygfrydek02 placed suspicious WATER_BUCKET @ world: x991, z-682
13:22 zygfrydek02 placed suspicious WATER_BUCKET @ world: x993, z-679
13:22 zygfrydek02 placed suspicious WATER_BUCKET @ world: x993, z-679
13:22 zygfrydek02 placed suspicious WATER_BUCKET @ world: x992, z-681
13:22 zygfrydek02 placed suspicious WATER_BUCKET @ world: x992, z-680
13:22 zygfrydek02 placed suspicious WATER_BUCKET @ world: x993, z-682
13:22 zygfrydek02 placed suspicious WATER_BUCKET @ world: x993, z-682
13:23 zygfrydek02 placed suspicious WATER_BUCKET @ world: x993, z-680
13:23 zygfrydek02 placed suspicious WATER_BUCKET @ world: x993, z-681
13:23 zygfrydek02 placed suspicious WATER_BUCKET @ world: x993, z-681
13:23 zygfrydek02 placed suspicious WATER_BUCKET @ world: x993, z-680
13:23 zygfrydek02 placed suspicious WATER_BUCKET @ world: x987, z-679
13:23 zygfrydek02 placed suspicious WATER_BUCKET @ world: x987, z-680
13:23 zygfrydek02 placed suspicious WATER_BUCKET @ world: x987, z-681
13:23 zygfrydek02 placed suspicious WATER_BUCKET @ world: x987, z-682
13:23 zygfrydek02 placed suspicious WATER_BUCKET @ world: x987, z-681
13:23 zygfrydek02 placed suspicious WATER_BUCKET @ world: x987, z-682
13:23 zygfrydek02 placed suspicious WATER_BUCKET @ world: x987, z-679
13:23 zygfrydek02 placed suspicious WATER_BUCKET @ world: x987, z-680
13:25 Tusix         : /msg Inver ulepszysz mi miecz? XD 
13:25 Monka2137     : f
13:26 Monka2137     : f
13:27 Inver         : /msg 000Mika a gidze twoja zbroja? XD 
13:28 Tusix         : /msg Inver ulepszysz mi miecz? 
13:28 000Mika       : /msg Inver dobre pytanie 
13:28 Inver         : /msg Tusix na jaki XD 
13:28 Tusix         : /msg Inver mam książki 
13:28 Inver         : /msg 000Mika zrobic ci ta netheritowa? 
13:28 Inver         : /msg Tusix to daj miecz i ksiazki 
13:28 000Mika       : /msg Inver tak 
13:28 Inver         : /msg 000Mika ok 
13:29 Inver         : /msg Tusix ale iwesz ze ten enchant nie dzila na miecz chyba?XD 
13:29 Inver         : /r a moc jest na luk 
13:29 Tusix         : /msg Inver o nie XD 
13:30 Tusix         : /msg Inver no trudno przynajmiej mam ogień 
13:32 Kamil_        : f
13:33 Inver         : ./mcmmo:mining
13:36 CinCiang      : rm mMinecraft
13:36 CinCiang      : &rm mMinecraft
13:37 CinCiang      : &m mMinecraft
13:37 CinCiang      : &l mMinecraft
13:37 CinCiang      : &l&6Minecraft
13:37 CinCiang      : &l &6Minecraft
13:37 CinCiang      : *6&l Minecraft
13:37 CinCiang      : &6&l Minecraft
13:37 CinCiang      : ez
13:37 000Mika       : /msg Inver dziękuje <3 
13:37 Tusix         : powodzenia w sprzątaniu XD
13:37 CinCiang      : &6&l zapraszam do expiarki &4 &l warp exp
13:38 Inver         : /msg 000Mika alez prosze moj Stozku <33 
13:38 Inver         : /msg 000Mika ej moze przypadkiem nie masz mojego kilofu? xd 
13:39 000Mika       : /msg Inver nie mam chyba 
13:39 Inver         : /r kurwa xd 
13:40 Tusix         : ja lece pa
13:40 ppolak        : pa
13:40 000Mika       : siema
13:40 CinCiang      : see you
13:40 Pitts         : pawel, jacek potrzebuje murzynow
13:41 Inver         : ale tu nie ma przyzwolenia na niewolnictow
13:41 CinCiang      : jaki pawel
13:41 Pitts         : mardula
13:41 CinCiang      : cp
13:42 CinCiang      : co chcesz
13:42 JACKO         : no murzunów treba na pracę na plantacij
13:43 CinCiang      : co ty robisz
13:43 000Mika       : ja spadam siema
13:43 CinCiang      : see you
13:44 CinCiang      : nie pytaj
13:44 Pitts         : okej
13:44 Pitts         : tylko podziekuje
13:54 Inver         : ./bin
13:58 zygfrydek02 placed suspicious WATER_BUCKET @ world: x989, z-677
13:58 zygfrydek02 placed suspicious WATER_BUCKET @ world: x989, z-676
13:58 zygfrydek02 placed suspicious WATER_BUCKET @ world: x989, z-676
13:59 zygfrydek02 placed suspicious WATER_BUCKET @ world: x993, z-677
13:59 zygfrydek02 placed suspicious WATER_BUCKET @ world: x993, z-677
13:59 zygfrydek02 placed suspicious WATER_BUCKET @ world: x993, z-676
13:59 zygfrydek02 placed suspicious WATER_BUCKET @ world: x993, z-676
13:59 zygfrydek02 placed suspicious WATER_BUCKET @ world: x992, z-676
13:59 zygfrydek02 placed suspicious WATER_BUCKET @ world: x992, z-676
13:59 zygfrydek02 placed suspicious WATER_BUCKET @ world: x992, z-676
13:59 zygfrydek02 placed suspicious WATER_BUCKET @ world: x991, z-674
13:59 zygfrydek02 placed suspicious WATER_BUCKET @ world: x991, z-674
13:59 zygfrydek02 placed suspicious WATER_BUCKET @ world: x991, z-674
14:02 CinCiang      : /tell Inver xDDDD 
14:02 Inver         : /r XDD 
14:06 zygfrydek02 placed suspicious WATER_BUCKET @ world: x989, z-674
14:06 zygfrydek02 placed suspicious WATER_BUCKET @ world: x989, z-674
14:06 zygfrydek02 placed suspicious WATER_BUCKET @ world: x990, z-674
14:06 zygfrydek02 placed suspicious WATER_BUCKET @ world: x991, z-674
14:06 zygfrydek02 placed suspicious WATER_BUCKET @ world: x989, z-674
14:06 zygfrydek02 placed suspicious WATER_BUCKET @ world: x991, z-675
14:06 zygfrydek02 placed suspicious WATER_BUCKET @ world: x991, z-676
14:07 zygfrydek02 placed suspicious WATER_BUCKET @ world: x990, z-674
14:07 zygfrydek02 placed suspicious WATER_BUCKET @ world: x991, z-674
14:07 zygfrydek02 placed suspicious WATER_BUCKET @ world: x990, z-674
14:07 zygfrydek02 placed suspicious WATER_BUCKET @ world: x991, z-674
14:07 zygfrydek02 placed suspicious WATER_BUCKET @ world: x989, z-674
14:07 zygfrydek02 placed suspicious WATER_BUCKET @ world: x989, z-674
14:12 zygfrydek02   : e
14:32 CinCiang      : dac dzien?
14:48 CinCiang      : ./givepet cinciangh
14:48 CinCiang      : ./givepet cinciang
14:52 CinCiang      : ile tego tu jest xD
14:53 JACKO         : ma ktoś kelpa?
14:53 CinCiang      : nie
15:11 CinCiang      : jak wam mija zycie
15:11 JACKO         : dług
15:11 Pitts         : dłigo
15:17 CinCiang      : &4&l ktos tu juz byl Pitts
15:17 Pitts         : ale zostawił 7 diaksow lmao
15:17 CinCiang      : lmao
15:17 CinCiang      : mogles poprosic to bym fortunka wykopal
15:17 CinCiang      : z mala prowizja
15:17 Pitts         : mam fortunke 3 xD
15:18 CinCiang      : aa
15:18 CinCiang      : v to cudo xD
15:18 Pitts         : Xd
15:25 CinCiang      : teraz to nie ma
15:32 Pitts         : poleceam wiadro wody jacek xD
15:38 Pitts placed suspicious WATER_BUCKET @ world: x-777, z632
15:38 Pitts placed suspicious WATER_BUCKET @ world: x-777, z632
15:38 JACKO placed suspicious WATER_BUCKET @ world: x-527, z742
15:40 Pitts         : F
15:40 JACKO         : F
16:02 CinCiang      : f
16:11 zygfrydek02 placed suspicious WATER_BUCKET @ world: x990, z-690
16:16 zygfrydek02 placed suspicious WATER_BUCKET @ world: x990, z-697
16:18 zygfrydek02 placed suspicious WATER_BUCKET @ world: x856, z-703
16:18 zygfrydek02 placed suspicious WATER_BUCKET @ world: x841, z-699
16:18 zygfrydek02 placed suspicious WATER_BUCKET @ world: x728, z-694
16:19 zygfrydek02 placed suspicious WATER_BUCKET @ world: x609, z-853
16:19 zygfrydek02 placed suspicious WATER_BUCKET @ world: x582, z-876
16:20 zygfrydek02 placed suspicious WATER_BUCKET @ world: x576, z-981
16:23 CinCiang      : zygfrydek02 &i&4cribsy robie
16:23 CinCiang      : zygfrydek02 &l&4cribsy robie
16:24 zygfrydek02   : jak tu sie dostałas
16:24 CinCiang      : &c&ladmin
16:24 CinCiang      : &c&lmoze wszystko
16:24 CinCiang      : "fajnie tu"
16:27 BlockPlayer002: F
16:27 zygfrydek02   : f
16:28 zygfrydek02   : jestes tu dalej xddd
16:29 zygfrydek02 placed suspicious WATER_BUCKET @ world: x990, z-689
16:31 CinCiang      : f
16:32 zygfrydek02 placed suspicious WATER_BUCKET @ world: x617, z192
16:32 CinCiang      : f
16:32 zygfrydek02   : f
16:33 CinCiang      : &4&lzapraszam na expiarkę /warp exp
16:36 CinCiang      : 000Mika ocen wioske
16:37 CinCiang      : tp
16:37 000Mika       : jest bardzo ładna
16:37 CinCiang      : imo znosna
16:37 CinCiang      : a to jest patrycji xD
16:37 ppolak        : XDD
16:39 000Mika       : kto mi rozpierdolił kosz w piwnicy XD
16:40 000Mika       : i zajebał diaksy
16:40 000Mika       : kurwa ludzie szanujmy się
16:40 CinCiang      : kto xD
16:41 000Mika       : nie wiem
16:41 CinCiang      : pawel seta robi
16:41 CinCiang      : lw
16:41 CinCiang      : l
16:52 CinCiang      : 000Mika idz spac plz
16:52 000Mika       : luz
17:05 000Mika       : idziecie spać?
17:14 000Mika       : zw
17:19 000Mika       : :))
17:22 000Mika       : dziękuje Paweł za Stefana
17:22 CinCiang      : zw
17:23 000Mika       : Paweł przywołasz mi rybki
17:23 000Mika       : a dokładnie łososie
17:23 Inver         : chwilka
17:27 Inver         : /msg 000Mika jak jest losos po naigleksu? xd 
17:27 000Mika       : /msg Inver kurka rurka wydaje mi się że samlon 
17:28 Inver         : /r buguja sie 
17:28 000Mika       : /msg Inver a w tym drugim zrobisz 
17:29 000Mika       : /msg Inver dziękuje <3 
17:29 Inver         : /r prosze 
17:29 Inver         : /r moge 3 diaxy na kilof? 
17:29 Inver         : /r xdd 
17:29 000Mika       : /msg Inver tak 
17:29 Inver         : /r okej <3 
17:31 Inver         : /r chces kilof silk touch? 
17:31 000Mika       : /msg Inver tak 
17:32 000Mika       : /msg Inver dziękuje <3 
17:32 Inver         : /r tylko ze kolejne 3 diaxy potrzebuhje xd 
17:32 000Mika       : /msg Inver dobra bierz ile chcesz 
17:32 Inver         : /r Uwww <3 
17:33 000Mika       : /msg Inver Inverno Panie Pawle 
17:33 Inver         : /r Tak Stoszku? 
17:33 000Mika       : /msg Inver nie niszcz mojego kosza bo zabije :)) 
17:35 Inver         : /r Ojjj znowu zaczynasz 
17:36 000Mika       : /msg Inver nie prawda 
17:37 Inver         : /r prawda prawda ;) 
17:38 000Mika       : /msg Inver nie 
17:39 Inver         : /r wydajnosc ile masz na swoim kilofie 
17:40 000Mika       : /msg Inver 4 
17:40 Inver         : /r daj to zrobie Ci piateczke 
17:40 000Mika       : /msg Inver tepaj 
17:42 000Mika       : /msg Inver danke 
17:43 Inver         : /r bitte schon 
17:47 Inver         : /r masz mijesce na welne w skrzyniach? 
17:47 000Mika       : /msg Inver tak 
17:48 Inver         : /r o dobra widze 
17:48 Inver         : /r dzieki 
17:54 Inver         : /r to ty? XD 
17:54 000Mika       : /msg Inver no ja XD 
17:54 Inver         : /r XDD 
17:54 Inver         : /r dziekuje za miodek <3 
17:54 Inver         : /r miut 
17:55 000Mika       : /msg Inver jak tak zbierasz miód to pszczoły nie umierają XD 
17:55 Inver         : /r aaaa XD 
17:55 Inver         : /r to wiele tlumaczy XD 
17:55 Inver         : /msg CinCiang zmywarka to maszyna XD 
17:56 CinCiang      : /r wiem 
17:56 000Mika       : /msg Inver nie widziałeś gdzies ula ? 
17:56 CinCiang      : ;<
17:56 CinCiang      : &4&lzmywarka robi brrr
17:56 Inver         : /msg 000Mika kolo spawnu gdizes jest 
17:56 Inver         : XDDD
17:56 000Mika       : /msg Inver dziękuje 
17:56 000Mika       : XDD
17:57 CinCiang      : juz nie robi
17:57 Inver         : /r jak bys nie znalazla to mow 
17:58 Inver         : XDDD
17:58 Inver         : /r dziekuje <3 
17:58 000Mika       : nie wierze w ciebie XD
17:58 Inver         : to nie pierwszy raz XD
17:58 000Mika       : XDD
18:01 Inver         : /r zombie villager 
18:01 Inver         : /r w domku 
18:01 000Mika       : /msg Inver XDDD 
18:02 Inver         : /r chcesz go czy nie? 
18:02 000Mika       : /msg Inver chce 
18:03 000Mika       : ja spadam nara
18:05 Inver         : Siema
18:05 SzewM1da      : siehehema
18:06 CinCiang      : SzewM1da tpa ocenic wioske xD
18:06 SzewM1da      : oł mi bro
18:06 SzewM1da      : nice
18:06 SzewM1da      : noice
18:10 CinCiang      : /tell Inver ale styralem siostre xD 
18:10 Inver         : /msg CinCiang a co sie stalo 
18:10 CinCiang      : /tell Inver "a na ta kurtka pawla to jest na niego dobra bo przygarne " 
18:11 CinCiang      : /r "taka sama sytuacja jak z twoim stanikiem od dziecinstwa ten sam rozmiar " 
18:11 CinCiang      : xDDDD
18:24 CinCiang      : %4%lale ruda sie zrespila cn?
18:24 CinCiang      : &4&lale ruda sie zrespila cn?
18:25 SzewM1da      : coes
19:18 Inver         : SIema Artur
19:18 Inver         : masz villagery?
19:18 Pitts         : tak but nie rozmazaja sie na razie
19:18 Inver         : a mending?
19:19 Inver         : ,asz?
19:19 Pitts         : musze tam jednego wjebac
19:19 Inver         : XD
19:19 Pitts         : mending jest a co? xD
19:20 Inver         : XDDDDD
19:20 Inver         : sasdawd
19:20 Inver         : adwadt
19:20 Inver         : asdwdwa
19:21 Inver         : xddd
19:21 Inver         : a ty za ile masz?
19:21 Pitts         : ?
19:21 Inver         : mending do kupienia
19:22 Pitts         : well shiet
19:22 Pitts         : masz emeraldy to se kup
19:22 Inver         : ty masz bez znizek/?
19:22 Pitts         : bez znizek
19:22 Inver         : to slabiutko
19:25 Inver         : xd
19:25 Pitts         : are u
19:25 Pitts         : are u stupid or what
19:25 Inver         : kinda retarded
19:26 JACKO         : yeeah
19:28 Inver         : dobra ja spadqm
19:28 Pitts         : ile siedziales? ze masz diax set?
19:28 JACKO         : wbiłem 20 min
19:28 JACKO         : temu
19:29 JACKO         : i jak zbierałem obs to pod pierwszym była ruda diax
19:29 Pitts         : lucker
19:29 JACKO         : a właśnie bijesz smoka
19:29 JACKO         : bo mam kryształy
19:30 Pitts         : masz 7 diaxow zebym chociaz diax seta miał? xD
19:30 Pitts         : moge i bez niego
19:30 JACKO         : sprawdze
19:31 JACKO         : tylko 1 mam
19:31 Pitts         : dobra to zrobie sobie tylko iron nowa
19:31 Pitts         : i dc
20:44 JACKO         : nom
20:44 JACKO         : russian coś
20:44 Pitts         : ruskie ciastko
20:44 JACKO         : no tak
20:45 Pitts         : cebulski chciał wbic?
20:45 Pitts         : xD
20:50 JACKO         : czm
21:00 Pitts         : teraz koncze xd
21:00 Pitts         : nq
