06:51 000Mika   : git
07:10 000Mika   : zz
07:59 Tusix     : słysze
07:59 000Mika   : ok
07:59 Tusix     : mówię ciały czas XD
07:59 000Mika   : nie słyszę cię
07:59 Tusix     : ty mnie nie słyszysz wiem
07:59 Tusix     : kurka rurka sprawdz czy mnie nie wyciszyłaś
08:00 Tusix     : jak tu się rozłączyc jak gadamy 2 h
08:09 000Mika   : siema
08:09 BlockPlayer002: hejo
08:09 CinCiang      : ale czad
08:09 CinCiang      : a jak stad isc
08:10 000Mika       : XDDD
08:10 CinCiang      : cinciang na admina 1/2
08:10 BlockPlayer002: 2/2
08:10 CinCiang      : xDDDDDDDD
08:10 000Mika       : XDDD
08:12 CinCiang      : sa tu dzialki?
08:12 000Mika       : jeszcze nie ma
08:12 CinCiang      : k
08:12 000Mika       : znajdż sobie po prostu miejsce
08:13 BlockPlayer002: czyli po prostu mam gdzieś iść i tam sobie żyć?
08:14 Tusix         : tak
08:15 CinCiang      : f
08:15 BlockPlayer002: DRZEWO NA MNIE SPADŁO
08:15 BlockPlayer002: co to ma być
08:25 CinCiang      : wrrr
08:25 CinCiang      : miala byc noc
08:25 000Mika       : przepraszam :((
08:26 CinCiang      : f
08:26 000Mika       : f
08:27 000Mika       : f
08:27 BlockPlayer002: ciemno w tych jaskiniach a ja sobie pomyślałem że shadery to dobry pomysł
08:28 CinCiang      : wgl do kiedy bedzie ten serwer
08:32 000Mika       : do kiedy sie nam znudzi
08:32 CinCiang      : czyli do jutra
08:32 000Mika       : hahhah możliwe ale Paweł tak szybko nowego nie zrobi
08:32 BlockPlayer002: ja gram bo serwery rocket leauge wyłączyli XD
08:32 CinCiang      : xD
08:40 CinCiang      : kurwaaaaaaaaaa
08:40 BlockPlayer002: F
08:40 CinCiang      : 22 ;v;
08:40 CinCiang      : lvl
08:56 BlockPlayer002: na jakich kordach jest spawn?
08:57 CinCiang      : %i%
08:57 CinCiang      : nie dziala :,<
08:57 000Mika       : XDDD
09:01 000Mika       : siema monka
09:01 Monka2137     : siema
09:01 Tusix         : siema Klaudia
09:01 Monka2137     : siema
09:01 CinCiang      : czesc
09:02 BlockPlayer002: siema
09:02 Inver         : siema
09:02 Inver         : ile ludu
09:02 Monka2137     : paweł chodz budowac
09:02 Inver         : ik
09:02 CinCiang      : z/w
09:02 Inver         : whcodisz na dc?
09:02 Monka2137     : wf mam
09:03 Monka2137     : kto to BlockPlayer002
09:03 Inver         : idk XD
09:03 Monka2137     : BlockPlayer002
09:03 BlockPlayer002: Wojtek jestem
09:03 Inver         : siema
09:03 Monka2137     : ale z klasy?
09:03 BlockPlayer002: no tak
09:03 BlockPlayer002: kiwi
09:03 Monka2137     : aaaa
09:03 000Mika       : XDDD
09:03 Inver         : XD
09:04 000Mika       : ale przypał
09:04 Monka2137     : +1
09:04 Inver         : co wy na tym wf robicie?
09:04 BlockPlayer002: Monka2137 to Monka niech zgadnę?
09:04 Inver         : XD
09:04 BlockPlayer002: cing ciang to pan marduła
09:04 BlockPlayer002: inver to paweł
09:05 Inver         : that right
09:05 BlockPlayer002: pan przewodniczący
09:05 Inver         : xd
09:05 BlockPlayer002: a reszta nie wiem
09:05 Tusix         : klaudia obecność XD
09:05 Inver         : Tusix marta, 000Mika Oliwia
09:05 BlockPlayer002: hahahahah
09:05 000Mika       : pozdrawiam
09:05 Tusix         : KLAUDIA OBECNOŚC
09:05 Inver         : XDDD
09:05 Monka2137     : kurwa nie słysze go
09:05 Inver         : co tam sie dizeje XD
09:06 Tusix         : wyjdź i wejdź
09:06 Monka2137     : działa
09:07 Inver         : XD
09:07 Inver         : Kurdea co mam robic MONKA
09:07 BlockPlayer002: ej już koniec wf?
09:07 BlockPlayer002: można wyjść?
09:20 CinCiang      : ktos ma mc premium?
09:20 BlockPlayer002: będę kupował
09:20 Inver         : nope cyyba
09:20 CinCiang      : chcialem hypixela pograc
09:23 BlockPlayer002: ej a jak craftujecie motykę,
09:23 BlockPlayer002: to na prawo czy na lewo
09:23 CinCiang      : kilof bez jednego
09:23 BlockPlayer002: ?
09:23 CinCiang      : mozna tak i takl
09:23 BlockPlayer002: wiem
09:23 BlockPlayer002: ale jak lepiej
09:23 BlockPlayer002: XD
09:23 CinCiang      : jeden ch00y
09:26 CinCiang      : f
09:26 BlockPlayer002: f
09:27 Inver         : gdyby toi byla chociaz smierc naturalna
09:27 Inver         : cnie @Oli
09:27 000Mika       : XDDD
09:27 000Mika       : zycie
09:27 Inver         : chyba op
09:28 BlockPlayer002: jest tu coś poza tymi drzewami?
09:28 CinCiang      : diaxy ezzzz
09:28 CinCiang      : po godzinie
09:29 BlockPlayer002: Bo są tutaj te levele itp
09:29 Inver         : no ta
09:29 BlockPlayer002: drzewa się ścina w jednym miejscu
09:29 Inver         : mcMMO
09:30 Inver         : to akurat UltimateTImber
09:30 CinCiang      : (prawym aktywujesz )
09:30 CinCiang      : np minera
09:30 BlockPlayer002: jest takie coś w kopaniu?
09:30 Inver         : sprawdzie sb na internecie mcMMo bo to rozbudowany plugs
09:30 BlockPlayer002: ok
09:34 CinCiang placed suspicious LAVA_BUCKET @ world: x297, z-3639
09:37 BlockPlayer002: kurcze
09:37 BlockPlayer002: a mi jednego obsydianu brakuje
09:37 BlockPlayer002: :(
09:47 CinCiang      : ups
09:47 BlockPlayer002: co to super braker
09:48 CinCiang      : taki czad
09:48 BlockPlayer002: ooooOoOooOOo
09:49 BlockPlayer002: to jakoś bardziej zużywa kilof czy coś?
09:49 Inver         : po prostu jakbys mial wydajnosc dodatkowa tod zila
09:49 CinCiang      : poprostu dostajesz efektywnosc 5
09:50 BlockPlayer002: OOoOO
09:53 Inver         : zw
09:56 Inver         : ./claimexplosion
09:56 CinCiang      : kiedys to bylo
09:56 CinCiang      : a teraz to nima
09:57 BlockPlayer002: F
09:57 CinCiang      : kurwaaaaaaaa
09:57 BlockPlayer002: dobra ja lecę
09:57 BlockPlayer002: daj kordy spaqwna
09:58 CinCiang      : Monka2137
10:01 BlockPlayer002 placed suspicious WATER_BUCKET @ world: x990, z-701
10:06 Tusix         : /msg 000Mika ej robisz dom? 
10:06 000Mika       : /msg Tusix nie 
10:06 Tusix         : /msg 000Mika to co to jest? XD 
10:06 000Mika       : /msg Tusix plantacja 
10:07 BlockPlayer002: dzień dobry
10:08 000Mika       : siema XD
10:08 Tusix         : /msg 000Mika masz kości albo mączkę kostną? 
10:08 000Mika       : /msg Tusix tak 
10:08 BlockPlayer002: kto ma psa z fioletową obrożą?
10:08 000Mika       : to mój
10:08 BlockPlayer002: jest w netherze
10:08 Inver         : XDD
10:08 000Mika       : wiem
10:09 Tusix         : mówilam że to nie ja go zabiłam XD
10:09 BlockPlayer002: Weź go z powrotem bo on tam zginie
10:09 BlockPlayer002: XD
10:09 000Mika       : XDD
10:09 000Mika       : da sobie radę chyba
10:10 BlockPlayer002: 900 -700
10:10 BlockPlayer002: ok
10:11 CinCiang      : xD
10:12 CinCiang      : kurier przyjechal
10:12 CinCiang      : a ja sobie w gaciach siedze
10:12 CinCiang      : jeszcze nigdy sie tak szybko nie ubieralem
10:12 Tusix         : /msg 000Mika buduje dom zamieszkasz w nim? 
10:12 CinCiang      : dzialo sie cos na lekcji?
10:12 000Mika       : /msg Tusix nie wiem w sumie chyba sama zamieszkam 
10:12 BlockPlayer002: ja się ubrałem bo jak włącze kamerkę to mam lustro za plecami XD
10:12 Inver         : zgadnij XD
10:12 CinCiang      : xD
10:13 CinCiang      : na kamerce 1000 warstw tasmy
10:13 CinCiang      : i ez
10:13 Inver         : XDD
10:13 Inver         : gdzie ta Monka
10:13 CinCiang      : Inver daj adma
10:13 Inver         : po co XD
10:13 CinCiang      : bede budowal spawna
10:13 Inver         : Monka buduje
10:14 Inver         : wsneise nie ma jej teraz
10:14 CinCiang      : ona nie umie
10:14 Inver         : XDDDDDDDD
10:14 Inver         : a widziales ten spawn co jest teraz?
10:14 CinCiang      : ta
10:14 Inver         : w cesi
10:14 Inver         : XD
10:14 Inver         : a co chesz zbuduawac wgl?
10:15 CinCiang      : cos wymsle
10:15 Inver         : xd'
10:15 Inver         : Dajmy monce skonczyc
10:15 Inver         : moze ze nie becdzie sie jej chaiaclo
10:16 Inver         : tylko gdize ona jest
10:20 000Mika       :  placed a sign @ world: x586, z81
  ===============
  Plantacja
  000Mika
  ===============
10:24 CinCiang      : aaaaa guziec mnie goni
10:26 CinCiang      : koniec mc na dzis
10:26 Inver         : xd
10:27 CinCiang      : na ten rok*
10:27 Inver         : XD
10:27 Inver         : czekaj, moze bedize treba spawn budwac
10:27 Inver         : DXDDDDDDDDDD
10:27 CinCiang      : ale czad
10:28 BlockPlayer002: ja też spadam
10:28 BlockPlayer002: adios
10:29 Inver         : cu
10:29 CinCiang      : jednak koniec\
10:30 Inver         : xd
10:46 Inver         : dobra czas na survival, 2 podejscie xd
10:53 Inver         : macie kopalnie?
10:54 Monka2137     : paweł zrobisz smoka?
10:54 Inver         : w senise mobka?
10:54 Monka2137     : ta
10:54 Inver         : gdzie
10:54 Monka2137     : tu
10:55 Inver         : hmmm
10:55 Monka2137     : kozak
11:00 Monka2137     : pawel
11:00 Inver         : ?
11:00 Monka2137     : zrob szkieletora
11:00 Monka2137     : tu
11:00 Inver         : jakiego?
11:00 Monka2137     : czarnego
11:00 Inver         : czyli gidze?
11:00 Monka2137     : tu
11:00 Inver         : zeby wisial? XD
11:01 Monka2137     : ta
11:01 Inver         : kur xd
11:02 Inver         : ale daj mu nametaga
11:03 Monka2137     : nie
11:03 Monka2137     : jusz nie
11:03 Inver         : ?
11:03 Inver         : a xd
11:05 Monka2137     : zrob tabliczki i gotowe
11:05 Inver         : to po lekcjach
11:08 Inver         : kurwa
11:08 Inver         : mogles mserver na tej mapie fajnej zalozyc xd
11:09 Inver         : zw
11:17 Monka2137     : gdzie macie domki
11:18 Inver         : ja ejzse nie mam xd
11:18 000Mika       : tepaj
11:18 Monka2137     : /t 000Mika 
11:18 Monka2137     : /t to 000Mika 
11:20 Monka2137     : ja sie tu buduje
11:20 Tusix         : Klaudia zamieszkaj blisko nas
11:20 Monka2137     : no wiem to jest zaraz za wami
11:22 Tusix         : jak zjem pierogi to obczaje gdzie ty bo cięnie widzę XD
11:22 Monka2137     : dobrze smacznego
11:22 Tusix         : dziękuje <3
11:32 Inver         : jest ktos kolo domkow?
11:33 000Mika       : ja chyba
11:33 Inver         : okej dzieki
11:35 Inver         : maice tu piece?
11:35 000Mika       : tak
11:35 Inver         : xd
11:35 Tusix         : sorry XD
11:35 Inver         : np
11:35 Inver         : az pol seduszka mi zostalo XDt
11:35 000Mika       : dobrze marta
11:35 Inver         : gdize te piece?
11:35 Inver         : XDDDDD
11:50 000Mika       : co robisz paweł XD
11:50 Inver         : hej
11:50 Inver         : XD
11:50 000Mika       : XDD
11:50 Inver         : idziesz na dc?
11:50 000Mika       : jestem zła na dc
11:50 Inver         : czemu znuf :(?
11:51 000Mika       : a tak jakoś
11:52 Inver         : XDDD
11:52 Inver         : okejj...
11:52 Monka2137     : kocham kopac diaxy
11:52 Inver         : a ile znalazlas?
11:52 Monka2137     : 0 xdddd
11:52 Inver         : XDDDDD
11:53 Inver         : a jendak
11:53 Monka2137     : mam jusz 2
11:54 Inver         : iósz*
11:54 Inver         : prosze pisac poprawnie
11:54 000Mika       : moje oczy ał
11:54 Monka2137     : KTO TO MUWI
11:54 000Mika       : ja stożek
11:54 Inver         : storzek
11:54 Monka2137     : właśnie
11:54 Inver         : XD
11:54 000Mika       : ał
11:54 000Mika       : pajonki
11:55 Inver         : XDDDDD
11:55 Inver         : Czkeaj, jak ty diaxy wykopalas jak dopeiro eraz zelazo przetopial? xd
11:56 Monka2137     : nie teraz
11:56 Monka2137     : ja miałam żelazo jkies 10 min temu
11:56 Inver         : a ok
11:56 Monka2137     : ide na matme
11:56 Monka2137     : elo
11:57 Inver         : narazie
11:57 Inver         : XDDD
11:57 Monka2137     : co
11:57 Inver         : a cos smiesznego w mc sie odjebalo
11:57 Inver         : nic cieakwego
11:57 Monka2137     : ok ide
12:01 Inver         : xd
12:03 000Mika       : siema
12:03 BlockPlayer002: hej
12:24 BlockPlayer002 placed suspicious WATER_BUCKET @ world: x987, z-686
12:25 BlockPlayer002 placed suspicious WATER_BUCKET @ world: x987, z-683
12:26 BlockPlayer002 placed suspicious WATER_BUCKET @ world: x987, z-683
12:26 BlockPlayer002 placed suspicious WATER_BUCKET @ world: x987, z-683
12:26 BlockPlayer002 placed suspicious WATER_BUCKET @ world: x987, z-683
12:26 BlockPlayer002 placed suspicious WATER_BUCKET @ world: x987, z-683
12:26 Inver         : Martoza?
12:26 Tusix         : oj nie tym razem XD
12:26 Inver         : to co cie tak rozlaczalo
12:30 BlockPlayer002 placed suspicious WATER_BUCKET @ world: x990, z-683
12:30 BlockPlayer002: Monka
12:30 BlockPlayer002: angielski
12:30 BlockPlayer002: friendly reminder
12:30 Inver         : XDDD
13:08 BlockPlayer002: ma ktoś enchanting table?
13:08 Inver         : chyba nie wlasnie
13:08 Monka2137     : ja nie mam domku
13:08 Inver         : chociaz ja moge zrobic
13:09 Inver         : ale bez ksiazek 30 lvl bedzie
13:09 BlockPlayer002: ja mogę zrobic trochę książek
13:09 Inver         : no to zaraz zcrafruje stol
13:10 BlockPlayer002: chwila
13:11 BlockPlayer002: zgubiłem moją trzcinę
13:11 BlockPlayer002: XD
13:11 Tusix         : paweł XD
13:11 Inver         : tak?
13:12 Tusix         : prawie wpadłam XD
13:12 Inver         : hehe
13:12 Inver         : ale i tak tam woda na dnie jest
13:13 BlockPlayer002: tu nie działa mączka kostna na trzcinę?
13:13 Inver         : a dzialla kiedyskoliek? XD
13:13 BlockPlayer002: na bedrocku działa XD
13:13 Inver         : a to rozne siwatry XD
13:13 Inver         : swiaty
13:14 Inver         : jak bedizesz mial ksiaki to poweidz
13:14 Inver         : tylko 1 na enchant sam zostaw
13:14 BlockPlayer002: ok
13:23 Inver         : kurdea diaxuf ni ma
13:24 Tusix         : Paweł w pon jest sprawdzian z polskiego XD
13:24 BlockPlayer002: ustny grupowy
13:27 Inver         : ale to i tak z religi na chillu
13:27 Inver         : religfia jak najszybciej i git
13:27 Inver         : po sprawie
13:27 Inver         : bez sensu rpzedluzac xd
13:27 000Mika       : XDDDD
13:28 Inver         : potenzny paint
13:31 Inver         : kurdea to on pyta wszystkich ?
13:31 Inver         : XDD
13:31 BlockPlayer002: o siebie
13:31 Inver         : XDD
13:32 BlockPlayer002: a okej XD
13:32 Inver         : XDDD
13:33 000Mika       : wiedziałam że będę ja XDDD
13:33 Inver         : XDDD
13:34 000Mika       : kurwa wiedziałam
13:34 Inver         : ale i tak dobrze ze ci nie kazal obliczac XD
13:34 Monka2137     : masz 5
13:34 000Mika       : XDDDD
13:34 Inver         : XDD
13:35 Inver         : ej ale on wzsystkich pyta????
13:35 000Mika       : nie wiem
13:35 Inver         : a
13:35 Inver         : wyczerpujaca odpowiedz D
13:35 Inver         : XD
13:37 Inver         : co kurwa
13:37 Inver         : czemu my takie zjebane mamy XD
13:37 BlockPlayer002: NIE
13:37 BlockPlayer002: NIEEE
13:37 BlockPlayer002: DLACZEGO
13:37 000Mika       : tak wkońcu nie ja
13:37 Inver         : nie mam czasu nam ysenie XD
13:37 BlockPlayer002: Kubę trzeba było
13:38 Inver         : chociaz moglem kolkowicza XD
13:38 Inver         : ale dam mu odpczac troche
13:38 Inver         : a mowic bnedzie i tak na 100% cos XD
13:40 Inver         : slabiutko z tymi diaxami XD
13:41 Inver         : znalazlem okraglam liczme
13:45 Inver         : ma on mikro?
13:45 000Mika       : nie chyba
13:45 Inver         : xd
13:45 Inver         : Pisze na chacie XD
13:45 000Mika       : brawo Paweł
13:46 Inver         : dzieki <3
13:46 Inver         : A ty masz Micro Oli?
13:46 Inver         : XD
13:46 Inver         : bo wiesz
13:46 000Mika       : nie ja nie mam
13:53 Inver         : XDD
13:53 Inver         : a brzyzek do mnie "powiedz ze moze 6"
13:53 Inver         : wiedz WOjtek podziekuj BRyzkowi XD
13:59 BlockPlayer002: mam jeszcze 24 skóry ale nie mam trzciny
13:59 BlockPlayer002: +3 biblioteczki
13:59 BlockPlayer002: i jedna ksiaska
14:00 000Mika       : Paweł co się panoszysz na mojej plantacji ?
14:01 000Mika       : ?
14:02 000Mika       : Paweł?
14:03 Inver         : hal juetsem jusz
14:03 Inver         : XD
14:04 000Mika       : więc
14:04 000Mika       : Paweł co się panoszysz na mojej plantacji ?
14:04 Inver         : Tylko w kompostonwku sie kompalem xd
14:04 000Mika       : XDD
14:04 000Mika       : no tak to twoje klimaty zapomniałam
14:04 Inver         : O ty XDDD
14:04 000Mika       : XDDDDA
14:05 BlockPlayer002: robimy enchant teraz?
14:05 Inver         : ta
14:05 Inver         : tepnij i daj skory i ksiazki
14:05 Inver         : masz home
14:05 Inver         : ?
14:05 BlockPlayer002: co
14:05 Inver         : ./sethome
14:05 Inver         : znasz te komendy?
14:05 BlockPlayer002: mam ustawione
14:05 BlockPlayer002: jak się wraco do home
14:05 Inver         : a ile mozesz miec max homeow?
14:05 BlockPlayer002: ?
14:05 Inver         : ./home
14:06 BlockPlayer002: ok dzięki
14:06 Inver         : sprobuj drugi ustawic /sethome [nazwa]
14:06 Inver         : idz tym tunelem XD
14:06 Inver         : do konca
14:06 000Mika       : urząd skarbowy
14:06 Inver         : XDDD
14:07 000Mika       : ja się ciebie boje XD
14:07 BlockPlayer002: chwila co
14:07 000Mika       : co jest na końcu
14:07 Inver         : nic XD
14:07 000Mika       : ty znowu chcesz mnie sprankować
14:07 Monka2137     : pawel zrobiles tabliczki?
14:07 Inver         : nie wiedze cb Wojtek XD
14:08 BlockPlayer002: SPAdłe
14:08 Inver         : a tutaj XD
14:08 Inver         : masz domek blisko nas?
14:08 BlockPlayer002: nie XD
14:08 BlockPlayer002: ale mogę się przeprowadzić
14:08 Inver         : ustawie tutaj warpa moze
14:08 000Mika       : zapraszamy do naszej miłej okolicy
14:08 Inver         : albo sie przeporwadz
14:08 Inver         : xd
14:08 000Mika       : blisko wioski i w lesie świerkowym
14:09 BlockPlayer002: ok
14:09 Inver         : ja crafce ten enchant
14:10 BlockPlayer002: daj znać jak zrobisz
14:10 Inver         : berek XD
14:11 Tusix         : ej wynocha z budowy XD
14:11 Inver         : stop XD
14:11 000Mika       : XDDD
14:11 Inver         : malo hp mam XD
14:11 Inver         : i enchant musze zrobix XD
14:11 000Mika       : bez przesady XDDD
14:11 Inver         : mam 2 serca
14:12 Inver         : i ta marta superman co se lata XD
14:12 Inver         : aha XD
14:12 000Mika       : no mamy fly włączony
14:12 Inver         : macie jakies miejsce na encant?
14:13 Inver         : Oli moge postawic enhcant w tym towim starym domku?
14:14 Inver         : Oli??
14:14 000Mika       : tak
14:14 Inver         : ok
14:14 000Mika       : ale w nowym
14:14 BlockPlayer002: mam się osiedlić z tej strony?
14:15 Inver         : gdzie chdesz XD
14:15 Inver         : to lap
14:15 BlockPlayer002: a okej
14:15 Inver         : P;o
14:15 000Mika       : danke
14:15 Monka2137     : tam z tyłu za wioską ja mam miejsce
14:15 Inver         : ok, jak chcesz tam to git
14:16 Inver         : gdzie ten enchant? xd
14:16 000Mika       : no u góry
14:16 Inver         : ale XD
14:16 Inver         : ma niski lvl
14:16 000Mika       : życie
14:17 Inver         : XD
14:17 Inver         : przenosimy to jendak XD
14:17 000Mika       : jak będę piwnice robić to możesz wtedy dać
14:17 Inver         : to rob ale sie pospiesz
14:18 Inver         : moze ze na srodku placu zrobimy specjalny domek i tam bedzie m.in enchant
14:18 000Mika       : o dobry pomysł
14:18 Inver         : to tak na slepo postawie teraz i potem bedizemy budwac wokol tego sie
14:19 Inver         : wojtek tutaj jest
14:19 Inver         : -> <-
14:23 000Mika       : Paweł ?
14:23 Inver         : ?
14:24 000Mika       : nvm
14:24 Inver         : a XD
14:26 000Mika       : Paweł pożyczysz kilofa diaksowego ?
14:26 Inver         : ok
14:26 Inver         : tylko ma low hp
14:26 Inver         : xd
14:26 000Mika       : dziękuje
14:26 Inver         : prosze
14:27 000Mika       : ej bo ja sie boje że ci go zniszczę :((
14:27 Inver         : smialo dawaj
14:27 Inver         : napewno nie
14:33 Inver         : o tutaj sie budujesz
14:33 BlockPlayer002: tak
14:34 BlockPlayer002: poddbuduje dirtem trochę
14:34 Inver         : giy
14:34 Inver         : git
14:41 Inver         : czemu monka jest zamurowana cobblem XD
14:41 000Mika       : notuje
14:41 000Mika       : XDD
14:41 Inver         : To git XD
14:42 Inver         : bede mial od kogo odpisac XD
14:42 000Mika       : no ja też XD
14:43 BlockPlayer002 placed suspicious WATER_BUCKET @ world: x552, z172
14:47 000Mika       : Paweł dasz kilofa :))
14:48 000Mika       : ?
14:48 Inver         : a ok
14:48 Inver         : masz w szrkyni mojej
14:48 Inver         : ide
14:48 000Mika       : ej a przyniesiesz mi go
14:49 000Mika       : proszę
14:49 Inver         : a gidze jetes?
14:49 Inver         : dzie jestes*
14:49 000Mika       : daleko od domu
14:49 Inver         : ok
14:49 Inver         : lagy czk xd
14:49 000Mika       : XD
14:49 000Mika       : danke
15:05 Inver         : Ej tak wgl z mowila co z testem z geografii? XD
15:05 Inver         : bo nie sluchalem
15:05 000Mika       : chyba w pon
15:05 Inver         : :)
15:05 Inver         : XDD
15:14 Inver         : Dobra, ja narazie spadam, pa
15:19 BlockPlayer002: 10 min grania w minecraft
15:57 BlockPlayer002:  placed a sign @ world: x552, z172
  WORK
  IN
  PROGRESS
15:58 BlockPlayer002:  placed a sign @ world: x551, z172
  GET
  OUT
  OF
  MY SWAMP
15:58 BlockPlayer002:  placed a sign @ world: x550, z172
  <3
16:57 CinCiang      : czesc ppolak
17:03 CinCiang      : sprawdz czy mozesz
17:04 ppolak        : mogę
17:04 CinCiang      : ok
17:04 CinCiang      : czuj sie jak u siebie w domu xDX
17:04 ppolak        : XD
17:05 ppolak        : a ty gdzie uciekłeś? xD
17:05 CinCiang      : DO NETHERU
17:05 ppolak        : też mogę iść
17:06 ppolak        : ale nwm jak długo pożyję XD
17:06 CinCiang      : xD
17:06 ppolak        : czemu tu nie ma zwierząt xD
17:07 CinCiang      : jak myslisz?
17:07 ppolak        : z głodu umrę XD
17:07 CinCiang      : nie pomoge ci xD
17:08 ppolak        : ledwo żyję XD
17:08 CinCiang      : ja mam 3 baraniny xD
17:09 ppolak        : czk
17:09 ppolak        : zw
17:09 CinCiang      : ok
17:10 ppolak        : XD
17:10 ppolak        : F
17:10 CinCiang      : koniec klockow
17:11 CinCiang      : gdzie ty jestes?
17:11 ppolak        : zaatakowało mnie wcześniej zombie, nie mam jedzenia, mam pół serduszka i jeszcze jedyna osoba, która może mi pomóc tonie w lawie XDD
17:12 ppolak        : XDDD
17:12 CinCiang      : czad
17:12 CinCiang      : tpa
17:12 CinCiang      : sethome
17:13 ppolak        : slaczego nie masz żaby?
17:13 ppolak        : dlaczego'
17:13 CinCiang      : mam
17:13 ppolak        : to nie żaba
17:13 CinCiang      : ja mam zabe
17:13 ppolak        : no nie
17:14 CinCiang      : no tak
17:14 ppolak        : budujemy domek?
17:14 CinCiang      : z czehgo
17:14 CinCiang      : czego
17:14 CinCiang      : trzeba isc kopac
17:14 ppolak        : ok
17:15 ppolak        : jestem pewna że umrę w tej kopalni XD
17:17 ppolak        : uznasz mnie za głupią
17:17 CinCiang      : bo
17:17 ppolak        : ale dlaczego nie mogę kopać?
17:17 ppolak        : XD
17:17 CinCiang      : gdzie
17:17 CinCiang      : XD
17:17 ppolak        : no nie XD
17:18 CinCiang      : WTFF
17:18 ppolak        : mc mnie nie lubi
17:19 ppolak        : chociaż mg cię bić
17:19 CinCiang      : nie mozesz
17:19 CinCiang      : ja mam miecz
17:19 ppolak        : ejjj
17:19 CinCiang      : cho sie bic
17:19 CinCiang      : ok
17:20 ppolak        : wygrałam
17:20 ppolak        : przepraszam xD
17:21 CinCiang      : ez
17:21 CinCiang      : ♥
17:22 CinCiang      : <3♥
17:22 ppolak        : fajne buty
17:22 ppolak        : <3
17:23 CinCiang      : chodz tu
17:24 CinCiang      : /msg ppolak x 
17:25 000Mika       : siema
17:25 CinCiang      : czesc
17:25 CinCiang      : ale mi sie nie chce grac w te kloce xD
17:25 ppolak        : xD
17:25 CinCiang      : dziwna ta wersja
17:25 CinCiang      : k*bieta mnie bije
17:26 ppolak        : nieprawda
17:26 000Mika       : XDD
17:26 CinCiang      : ide zrobic elo
17:26 000Mika       : ah ta miłóść
17:26 CinCiang      : wgl kim ty jestes>
17:26 ppolak        : XD
17:26 000Mika       : XDD
17:26 CinCiang      : no co
17:27 CinCiang      : xD
17:27 000Mika       : witam stożek jestem
17:27 CinCiang      : aaa
17:27 CinCiang      : to czad
17:27 CinCiang      : daj cos
17:27 ppolak        : wgl ja nie mg kopać
17:27 CinCiang      : a to kto
17:27 ppolak        : XDw
17:28 000Mika       : jako jeden z administratorów postaram sie rozwiązać twój problem
17:28 000Mika       : to Marta
17:28 CinCiang      : guziec
17:28 CinCiang      : taka swinia z afryki
17:28 Tusix         : siema
17:28 ppolak        : hej
17:28 CinCiang      : tryhard
17:28 Tusix         : mogę ustawic rano?
17:28 000Mika       : tak
17:29 CinCiang      : poyebao was>
17:29 CinCiang      : ofaj te czity
17:29 000Mika       : XDD
17:29 CinCiang      : oszust i tyle
17:29 000Mika       : mam admina mogę wszytko
17:29 ppolak        : paweł gdzie ty jesteś wgl? XDD
17:30 CinCiang      : podam cie do dymisji
17:30 CinCiang      : w domu
17:30 CinCiang      : "domu"
17:30 ppolak        : my nie mamy domu XD
17:30 000Mika       : jest w mojej piwnicy XD
17:30 ppolak        : XD
17:30 CinCiang      : ciii
17:30 000Mika       : XDD
17:30 CinCiang      : miala o tym nie wiedziec
17:30 ppolak        : XDD
17:31 000Mika       : mogę go tepnąć do ciebie XD
17:31 CinCiang      : nie mozesz
17:31 ppolak        : znalazłam go XD
17:31 000Mika       : XD
17:31 Tusix         : Oli łączysz te piwnice? XD
17:31 000Mika       : oj tak
17:31 CinCiang      : kto to Tusix
17:31 ppolak        : marta
17:31 CinCiang      : ok
17:32 000Mika       : Siema Paweł
17:32 Inver         : Hej
17:32 000Mika       : Gdzieś mam twój kilof
17:32 CinCiang      : Inver daj admina
17:32 Inver         : po hui
17:32 CinCiang      : bo one cheatuja
17:32 CinCiang      : musze je uspokoic
17:32 Inver         : moge im dac jakiegos uposledzonego op i nie beda mogly
17:32 Tusix         : nikt nic nie widział nikt nic nie słyszał
17:32 Inver         : co wgl robia? XD
17:33 000Mika       : nie było świadków
17:33 CinCiang      : mam nageanie
17:33 Inver         : ale co
17:33 Inver         : chociaz Marta fly moglabys sb wylaczyc xd
17:33 CinCiang      : ^^^^^
17:33 Inver         : a XD
17:33 Tusix         : nie da sie budowac bez XD
17:33 CinCiang      : da sie
17:33 Inver         : jak nie
17:33 000Mika       : Paweł chodż po kilofa
17:34 CinCiang      : kts dc?
17:34 CinCiang      : ktos*
17:34 Inver         : ja moge
17:34 000Mika       : /msg Inver łódka nadal lata ? 
17:34 Inver         : masz jakis server?
17:34 Inver         : /msg 000Mika musialbym cheaty odpowiednie pobrac XD 
17:35 Inver         : /r a tak wgl dlaczego pytasz? 
17:35 Inver         :  placed a sign @ world: x38, z221
  jebanie dis test
17:35 Tusix         : umie ktoś zrobić schody bo mojesa upośledzone XD
17:35 CinCiang      : ppolak ty mozesz kopac juz?>
17:35 000Mika       : /msg Inver bo bym była brukową wróżką jeszcze raz 
17:35 ppolak        : nie
17:36 CinCiang      : xD
17:36 Tusix         : ciii XD
17:36 Inver         : a bo dodac muszisz ja
17:36 Inver         : ją*
17:36 Inver         : ./trust ppolak
17:36 Inver         : ale chyba na dizlace musisz stac
17:36 Inver         : kurdea musze w koncu te tabliczki zrobic
17:36 Inver         : XD
17:37 Tusix         : ale ze schodkami XD
17:37 CinCiang      : takie lepsze
17:37 Inver         :  placed a sign @ world: x38, z220
  Jca
  ed
  bi
  as
17:38 CinCiang      : chodz tu
17:38 Tusix         : o dziękuje
17:38 CinCiang      : nawet da sie chodzic
17:38 Inver         : ?
17:39 ppolak        : to kiedy będę mogła kopać? xD
17:39 CinCiang      : ^
17:39 Inver         : a nie wpisal?
17:39 Inver         : moze dac /abandonallclaims
17:39 CinCiang      : Inver ona nigdzie nie moze kopac
17:40 Inver         : czk xd
17:40 Inver         : a teraz?
17:40 Inver         : sprobuj
17:40 ppolak        : nie mogę
17:40 CinCiang      : xD\
17:40 Inver         : tutaj jest idzlaka cincianga
17:40 000Mika       : boże nie strasz
17:40 Inver         : tutaj sprobuj
17:41 Inver         : co do
17:41 Inver         : za huia nie ogariam czemu
17:41 ppolak        : XD
17:42 Inver         : ale postwiac mozesz?
17:42 ppolak        : tak
17:42 CinCiang      : sprobuj zbindowac kopanie na inny przycisk
17:42 Inver         : sprobuj ta lopata wykopac
17:42 CinCiang      : bo moze to jest wina myszki
17:42 Inver         : myszke ma rozjebana
17:42 Inver         : chyba
17:42 ppolak        : super
17:42 CinCiang      : xD
17:42 ppolak        : zw
17:42 Inver         : w sterowaniu w ustaiweniach zmien przycick niszczenia na inny ktory napewno dizlaa i sprwaddz
17:42 ppolak        : ok
17:43 Inver         : XD
17:43 CinCiang      : EZ
17:43 CinCiang      : nie wyjdzie
17:43 Inver         : no co xd
17:43 Inver         : dzila teraz?
17:44 CinCiang      : ./register wydrych
17:44 Inver         : XD
17:44 CinCiang      : "password is too large"
17:44 Inver         : chyba too weak
17:44 Inver         : XDDDD
17:45 000Mika       : f
17:45 Inver         :  placed a sign @ world: x38, z222
  ---------------
  Podstawowe
  Komendy
  ---------------
17:45 ppolak        : dobrze mam ustawione
17:45 CinCiang      : chyba ide na csa
17:45 ppolak        : i nie działa
17:45 Inver         : ?
17:45 000Mika       : Paweł potrzebuje kilofa
17:45 CinCiang      : sprawdz na survivalu
17:45 Inver         : to czk musze ci opa zabrac to dam Oli
17:45 Inver         : i oddam
17:45 000Mika       : ej
17:46 Inver         : juz masz
17:46 Inver         : i kilof i opa
17:46 000Mika       : danke
17:46 CinCiang      : f
17:46 Inver         :  placed a sign @ world: x38, z220
  /spawn
  Teleportuje w to
  miejsce, gdzie
  aktualnie jestes
17:47 Inver         : i nadal nie dziala @ppolak
17:47 Inver         : ?
17:47 ppolak        : nie działa
17:47 Inver         :  placed a sign @ world: x38, z221
  /sethome
17:47 Inver         : a sprwadz na survivalu na singlepayer czy tez nie dziala
17:47 ppolak        : ok
17:47 CinCiang      : ide na csa
17:47 CinCiang      : pap
17:48 Inver         :  placed a sign @ world: x38, z221
  /sethome
  Ustawia miejsce
  teleportacji
17:49 Inver         :  placed a sign @ world: x38, z222
  /home
  Teleportuje do 
  miejsca 
  od /sethome
17:50 Inver         :  placed a sign @ world: x38, z223
  /bin
  Wlacza kosz
  Itemy w gornej
  czesci znikna
17:50 Inver         :  placed a sign @ world: x38, z224
  /tpa GRACZ
  Wysyla prosbe
  o teleportacje
  do gracza
17:50 000Mika       : XDDD
17:50 Inver         : ?
17:51 Inver         : daj op'a bo cos sprawdalem
17:51 000Mika       : ja nic nie zrobiłam
17:51 Inver         : thx <3
17:51 000Mika       : luz
17:53 Inver         :  placed a sign @ world: x33, z227
  ---------------
  REGULAMIN
  ---------------
17:53 Inver         :  placed a sign @ world: x38, z222
  ---------------
  PODSTAWOWE
  KOMENDY
  ---------------
17:53 Inver         : i jak?
17:54 Inver         :  placed a sign @ world: x28, z222
  ---------------
  DZIALKI
  ---------------
17:54 ppolak        : wyciągnęłam i włożyłam myszkę i działa xD
17:54 Inver         :  placed a sign @ world: x28, z224
  Nowa dzialka
17:54 Inver         : XDDDDDDD
17:54 000Mika       : XDD
17:54 Inver         : no tak, wlacz i wylacz zawsze dzilaa XDDDD
17:54 ppolak        : XD
17:55 Inver         :  placed a sign @ world: x28, z224
  Nowa dzialka
  jest zawsze
  tworzona przy
  postawieniu
17:56 Inver         :  placed a sign @ world: x28, z224
  pierwszej
  skrzyni lub przez
  uzycie ZLOTEJ
  LOPATY
17:56 Inver         :  placed a sign @ world: x28, z223
  Mozna zmieniac
  rozmiary dzialki
  przy przesuwaniu
  rogow ZLOTA
17:57 Inver         :  placed a sign @ world: x28, z223
  LOPATA prawym
  przyciskiem 
  myszy
18:00 Inver         :  placed a sign @ world: x28, z222
  Zeby zobaczyc
  granice dzialki
  uzyj ZLOTEJ
  LOPATY
18:00 Inver         :  placed a sign @ world: x28, z222
  lub PATYK
  klikajac
  na ziemie
18:01 Inver         :  placed a sign @ world: x28, z221
  Dzialka posiada
  ograniczenie
  rozmiaru
  ale grajac
18:01 Inver         :  placed a sign @ world: x28, z221
  na serverze
  ten limit sie
  zwieksza wraz
  z uplywem czasu
18:03 Inver         :  placed a sign @ world: x28, z220
  Mozesz dodac
  znajomego do
  dzialki przez
  /trust GRACZ
18:03 Inver         :  placed a sign @ world: x28, z220
  Dzialke usuwa
  sie komenda
  /abandonclaim
  stojac na niej
18:03 Inver         : Oliwia chce Ci sie napisac regulamin?
18:04 000Mika       : tak XDDD
18:04 Inver         : to cho na spawn
18:04 Inver         : ./spawn
18:05 Inver         : jak skonczysz to mnie zawolaj XD
18:06 000Mika       :  placed a sign @ world: x36, z227
  ===============
  0 pranków 
  ===============
18:06 000Mika       : już
18:06 Inver         : co
18:06 Inver         : test
18:07 Inver         : XD
18:07 Inver         : Ale wiesz
18:07 000Mika       : XDDD
18:07 Inver         : Regulamin ma byc przestrzegany
18:07 Inver         : XD
18:07 Inver         : Po to jest
18:07 000Mika       : no i go przestrzegam
18:11 Inver         : xd
18:12 Inver         : nie lepiej tego troche bardizej 3d zroibx? xd
18:19 Inver         : Ja narazie lece, pa
18:52 Tusix         :  placed a sign @ world: x535, z118
  Dom Tusix
18:53 Tusix         :  placed a sign @ world: x535, z117
  (Potok)
18:53 Tusix         :  placed a sign @ world: x535, z118
  Dom Tusix 
  (Potok)
19:25 Tusix         : siema stosz
19:26 000Mika       : ej
19:26 000Mika       : idź na dc
19:26 000Mika       : czekam tam
