07:18 CinCiang  : do nauki gowniarzu]
07:18 Pitts     : co to nauka?
07:19 CinCiang  : &4&ldo nauki gowniarzu
07:19 Pitts     : minecraft rzyciem
07:20 CinCiang  : ja tu dalej jestem xD
07:20 Pitts     : xD
07:21 CinCiang  : xD
07:22 CinCiang  : ty mi z wioski wiesniaki ukradles?
07:23 Pitts     : której?
07:23 CinCiang  : na pustyni
07:24 Pitts     : z mojej na pustyni mam xD
07:24 CinCiang  : to ktos mi wiesniaki ukradl
07:28 CinCiang  : od kiedy ten plugin dziala?
07:28 Pitts     : od dzisiaj
07:32 CinCiang  : masz owce?
07:32 Pitts     : nie
07:56 CinCiang  : ty dzis idziecz czy nie?
07:57 Pitts     : do szkoły? ide
07:57 CinCiang  : k
07:57 Pitts     : a ty nawalasz w mc? xD
07:57 CinCiang  : nie
07:57 Pitts     : wow
07:57 CinCiang  : ide sie ogarmac
07:57 CinCiang  : ogarmnac
07:57 CinCiang  : see u
07:57 Pitts     : cu
12:52 zygfrydek02 placed suspicious WATER_BUCKET @ world: x826, z624
12:53 zygfrydek02 placed suspicious WATER_BUCKET @ world: x804, z626
12:53 zygfrydek02 placed suspicious WATER_BUCKET @ world: x778, z626
12:53 zygfrydek02 placed suspicious WATER_BUCKET @ world: x763, z641
12:53 zygfrydek02 placed suspicious WATER_BUCKET @ world: x723, z643
12:53 zygfrydek02 placed suspicious WATER_BUCKET @ world: x641, z643
12:53 zygfrydek02 placed suspicious WATER_BUCKET @ world: x641, z643
12:55 zygfrydek02 placed suspicious WATER_BUCKET @ world: x495, z623
12:55 zygfrydek02 placed suspicious WATER_BUCKET @ world: x487, z625
12:55 zygfrydek02 placed suspicious WATER_BUCKET @ world: x480, z623
12:55 zygfrydek02 placed suspicious WATER_BUCKET @ world: x472, z623
12:55 zygfrydek02 placed suspicious WATER_BUCKET @ world: x458, z618
12:55 zygfrydek02 placed suspicious WATER_BUCKET @ world: x448, z616
12:55 zygfrydek02 placed suspicious WATER_BUCKET @ world: x438, z616
13:01 zygfrydek02 placed suspicious WATER_BUCKET @ world: x2, z670
13:02 zygfrydek02 placed suspicious WATER_BUCKET @ world: x-90, z791
13:02 zygfrydek02 placed suspicious WATER_BUCKET @ world: x-95, z796
13:02 zygfrydek02 placed suspicious WATER_BUCKET @ world: x-91, z795
13:02 zygfrydek02 placed suspicious WATER_BUCKET @ world: x-93, z795
13:02 zygfrydek02 placed suspicious WATER_BUCKET @ world: x-94, z795
13:02 zygfrydek02 placed suspicious WATER_BUCKET @ world: x-90, z798
13:02 zygfrydek02 placed suspicious WATER_BUCKET @ world: x-106, z795
13:02 zygfrydek02 placed suspicious WATER_BUCKET @ world: x-107, z795
13:02 zygfrydek02 placed suspicious WATER_BUCKET @ world: x-178, z806
13:11 zygfrydek02 placed suspicious WATER_BUCKET @ world: x-838, z750
13:14 zygfrydek02 placed suspicious WATER_BUCKET @ world: x-612, z1063
13:14 zygfrydek02 placed suspicious WATER_BUCKET @ world: x-600, z1067
13:14 zygfrydek02 placed suspicious WATER_BUCKET @ world: x-578, z1067
13:14 zygfrydek02 placed suspicious WATER_BUCKET @ world: x-576, z1099
13:15 zygfrydek02 placed suspicious WATER_BUCKET @ world: x-537, z1376
13:16 zygfrydek02 placed suspicious WATER_BUCKET @ world: x-515, z1426
13:16 zygfrydek02 placed suspicious WATER_BUCKET @ world: x-499, z1438
13:17 zygfrydek02 placed suspicious WATER_BUCKET @ world: x-496, z1456
13:17 zygfrydek02 placed suspicious WATER_BUCKET @ world: x-512, z1486
13:17 zygfrydek02 placed suspicious WATER_BUCKET @ world: x-511, z1486
13:17 zygfrydek02 placed suspicious WATER_BUCKET @ world: x-457, z1489
13:17 zygfrydek02 placed suspicious WATER_BUCKET @ world: x-454, z1492
13:17 zygfrydek02 placed suspicious WATER_BUCKET @ world: x-455, z1490
13:17 zygfrydek02 placed suspicious WATER_BUCKET @ world: x-454, z1492
13:18 zygfrydek02 placed suspicious WATER_BUCKET @ world: x-455, z1494
13:18 zygfrydek02 placed suspicious WATER_BUCKET @ world: x-452, z1493
13:18 zygfrydek02 placed suspicious WATER_BUCKET @ world: x-452, z1493
13:18 zygfrydek02 placed suspicious SALMON_BUCKET @ world: x-411, z1529
13:19 zygfrydek02 placed suspicious WATER_BUCKET @ world: x-398, z1535
13:19 zygfrydek02 placed suspicious WATER_BUCKET @ world: x-371, z1564
13:22 zygfrydek02 placed suspicious WATER_BUCKET @ world: x-27, z1901
13:22 zygfrydek02 placed suspicious WATER_BUCKET @ world: x-27, z1902
13:22 zygfrydek02 placed suspicious WATER_BUCKET @ world: x-20, z1913
13:24 zygfrydek02 placed suspicious WATER_BUCKET @ world: x169, z1991
13:24 zygfrydek02 placed suspicious WATER_BUCKET @ world: x190, z1988
13:34 zygfrydek02 placed suspicious WATER_BUCKET @ world: x9, z1724
13:34 zygfrydek02 placed suspicious WATER_BUCKET @ world: x2, z1723
13:34 zygfrydek02 placed suspicious WATER_BUCKET @ world: x-4, z1742
13:34 zygfrydek02 placed suspicious WATER_BUCKET @ world: x-51, z1747
13:35 zygfrydek02 placed suspicious WATER_BUCKET @ world: x-71, z1723
13:35 zygfrydek02 placed suspicious WATER_BUCKET @ world: x-71, z1722
13:35 zygfrydek02 placed suspicious WATER_BUCKET @ world: x-72, z1720
13:35 zygfrydek02 placed suspicious WATER_BUCKET @ world: x-73, z1720
13:38 zygfrydek02 placed suspicious WATER_BUCKET @ world: x-729, z1676
13:38 zygfrydek02 placed suspicious WATER_BUCKET @ world: x-729, z1674
14:00 zygfrydek02 placed suspicious WATER_BUCKET @ world: x983, z-693
14:06 zygfrydek02 placed suspicious WATER_BUCKET @ world: x986, z-696
14:07 zygfrydek02 placed suspicious WATER_BUCKET @ world: x986, z-704
14:07 zygfrydek02 placed suspicious WATER_BUCKET @ world: x985, z-704
14:07 zygfrydek02 placed suspicious WATER_BUCKET @ world: x986, z-705
16:01 CinCiang  : &4&lAdmin w szlafroku ma cie na oku
16:33 CinCiang  : &4&lAdmin w szlafroku ma cie na oku
16:33 Pitts     : xDD
16:34 Pitts     : czemu mnie to jakos nie dziwi?
16:34 CinCiang  : nie mam wlasnego zycia w klockach
16:34 CinCiang  : i musze ogladac twoje
16:34 Pitts     : ty je wgl masz?
16:35 CinCiang  : nie mam ;<
16:35 Pitts     : ;(
16:45 000Mika   : siema'
16:45 CinCiang  : &4&lAdmin w szlafroku ma cie na oku
16:45 CinCiang  : czesc
16:45 Pitts     : hejka
16:56 000Mika   : siema Paweł
16:56 Inver     : no hej Oliwiu
16:57 Inver     : test
16:57 000Mika   : XDD
16:57 Inver     : scielo cos mi ise w tle
16:57 000Mika   : XD
16:58 000Mika   : zw
17:00 Inver     : SIema
17:00 CinCiang  : &4&lAdmin w szlafroku ma cie na oku
17:00 Inver     : Ja mam headadmina wiec wiesz
17:01 Inver     : Zobaczymy kto kogo XD
17:12 Inver     : kurwo
17:12 Inver     : Bo zabiore op
18:43 CinCiang  : /tell console cze 
18:43 CinCiang  : /tell console czesc 
18:48 CinCiang  : give @p minecraft:diamond_sword{display:{Name:'[{"text":"czarny"},{"text":"dick"}]',Lore:['[{"text":"bardzo"},{"text":"duży"}]','[{"text":"o tak"},{"text":"jest twoj"}]']}}
19:48 Inver     : expiraka w narpwaie xd
19:48 JACKO     : ok
19:48 JACKO     : co sie stało
19:48 Pitts     : pewnie jacek zepsuł xD
19:48 Inver     : endermita endermany zajebaly xd
19:48 JACKO     : no nieźle
19:49 Pitts     : ?
19:49 Inver     : ??
19:49 JACKO     : ???
19:49 Inver     : ????
19:50 Pitts     : ?????
19:50 JACKO     : ???
19:51 JACKO     : nie mam lurzka
19:51 Pitts     : jacek masz dirta?
19:52 JACKO     : sprawdze
19:52 Pitts     : ty
19:52 JACKO     : co
19:52 Pitts     : thank you
19:53 Inver     : XD
19:53 Pitts     : ty to jednak zj
19:53 Inver     : eb
19:53 Inver     : KURWAAWA JEBAC ENDERMITY MACZETAMI
19:53 JACKO     : dokładnie
19:53 JACKO     : ej pits daj permission na most
19:54 JACKO     : to poprawie
19:54 Pitts     : nie ja to zbuduje jeszcz dzisiaj xD
19:54 JACKO     : ok
19:55 JACKO     : a i 1 wiesniak wyszedł
19:55 Pitts     : wiem
19:56 Pitts     : jacek bambus ci urusl
19:56 JACKO     : wiem
19:57 Inver     : dobra farma dzila
19:57 Inver     : ale nastepne 5 minut ja rezerwuje xd
19:57 JACKO     : i dobrze
19:58 Inver     : kurwa znowu znikl
20:03 Inver     : dobra dziala znowu
20:20 JACKO     : pits nie miałbyś książek albo skóry
20:20 Pitts     : rozmnazyles krowy? to skory brak
20:20 JACKO     : niem
20:20 JACKO     : to pójdewd
20:21 JACKO     : a msz przeniece
20:21 Pitts     : stack
20:21 JACKO     : okw
20:21 Pitts     : na gorze
20:22 JACKO     : a miałbyś pożyczyć miecz z lootingiem
20:22 Pitts     : nie mam go juz
20:22 JACKO     : ups
20:22 Inver     : ja moge
20:23 JACKO     : ok
20:23 Inver     : ale szybko tepaj
20:23 Inver     : oddaj potem
20:23 JACKO     : thx
20:23 Inver     : xd
20:23 JACKO     : zara zwróce
20:23 JACKO     : BIG
20:23 Inver     : jak co ja narazie afk
20:24 JACKO     : pits wiedziałeś ze za domkiem mam zaraz pustynną świątynie
20:25 Pitts     : niet
20:25 JACKO     : ale ją już ktoś zlootował
20:25 Pitts     : to wiem xD
20:27 JACKO     : i kolejna wioska
20:31 Pitts     : znalazlem fortece
20:31 Pitts     : z witherami
20:31 JACKO     : tepaj
20:32 Pitts     : help
20:32 JACKO     : nioc
20:32 Pitts     : wgl wiesz moze gdzie jest ten niebieski lasek?
20:32 JACKO     : nie
20:33 JACKO     : a cow
20:33 Pitts     : potrzebne mi deski
20:33 Pitts     : z tego drzewa
20:33 JACKO     : na moszy
20:33 JACKO     : most
20:33 Pitts     : tak
20:33 JACKO     : ok
20:33 JACKO     : to jak się natkne
20:33 JACKO     : to kordy zapisze
20:33 Pitts     : ok dzieki
20:34 JACKO     : ide home
20:34 JACKO     : wyslij kordy
20:34 Pitts     : czego? xD
20:34 JACKO     : no fortecy
20:34 JACKO     : bo se nie zapisąłem
20:34 Pitts     : ja tez nie xD
20:35 JACKO     : ok
20:35 JACKO     : a back
20:35 JACKO     : wróciłeś po ity ?
20:35 Pitts     : zdazylem home wpisac
20:35 JACKO     : ok
20:36 Pitts     : okej juz nie trzeba
20:36 JACKO     : co
20:36 Pitts     : znalazlem ten las xD
20:36 Pitts     : obok portalu byl doslowanie
20:36 JACKO     : noice
20:40 JACKO     : ej bo nie moge tradeowac z villagerami
20:40 Pitts     : lol
20:40 JACKO     : bo zadziałkowałeś
20:40 Inver     : dobra jestem iosz
20:41 Pitts     : jacek jak ty zj
20:41 Pitts     : tepnij sie a nie
20:41 JACKO     : czk
20:42 Inver     : a mui miecz?
20:42 Inver     : @JACKO
20:42 JACKO     : już
20:42 Pitts     : zginal
20:42 JACKO     : moment
20:42 Pitts     : i do lawy
20:42 Inver     : ale betheritowe ity nie pala sie XD
20:42 Inver     : wiec slaby zart XD
20:42 Pitts     : a bo to netheritowe
20:42 Inver     : Jak szalec to na calego
20:43 Inver     : znowu zw xd
20:44 Pitts     : kill JACKO
20:44 JACKO     : ahh yes morning
20:44 JACKO     : nailed it
20:47 JACKO     : a no właśnie end city z elytrą by ło do=słownie 200 blokówk od miejsca w którym się wylogowałem\
20:48 Pitts     : noice
21:26 JACKO     : ładny ten most
21:26 Pitts     : drziekuje
21:27 JACKO     : słowa nie mogą opisać piękna tego mostu
21:27 Pitts     : ale liczby tak xD
21:27 Pitts     : 2/10
21:27 JACKO     : tia
21:27 JACKO     : nie ma wogóle tych wither skeletonów
21:27 Pitts     : ;<
21:37 JACKO     : już pare tu tych wiesniaków jest'
21:37 Pitts     : to powoli zaczne robic traderke czy jak to tam sie nazywa xd
21:37 Inver     : MeNDIng
21:37 Inver     : JA pOTRZEbUje
21:37 Inver     : MEDNINGN
21:37 Pitts     : wszyscy potrzebuja
21:38 Pitts     : po 16 diaksow bede sprzedawal xD
21:38 Inver     : A
21:38 Inver     : to sie pierdol
21:38 Pitts     : nie mam z kim ;(
21:39 Pitts     : za duza kolejka do twojej mamy ;(
21:39 Inver     : Ale u twojej mozesz po mnie wejsc
21:39 Inver     : zapraszam do kolejki
21:39 Inver     : nawet ma dziisaj dni otwarte
21:39 Inver     : wiec darmo
21:39 Pitts     : o monka
21:39 Inver     : Siema Monka
21:40 Monka2137 : siema
21:40 Monka2137 : idziecie dc?
21:40 Inver     : jaki?
21:40 Inver     : na essie mamy wlocha XD
21:40 Inver     : XDDDDDDDDDD
21:40 Inver     : i gadamy sb z nim
21:41 Monka2137 : wiadomo
21:41 Inver     : XDDDD
21:41 Monka2137 : aha ok
21:41 Inver     : Zajebisty typek XD
21:43 Pitts     : dobra jacek most skonczony
21:47 JACKO     : 2 czaszki z 2 szkieletówk
21:47 Pitts     : bedzie wither dzis bity
21:49 JACKO     : ej artur podzrzuciłbysmi jedzenie
21:49 Pitts     : nie mam ;(
21:49 JACKO     : czym jest untentional game design
21:49 Inver     : lozko w netherze
21:50 Inver     : tak w skrocie
21:50 JACKO     : aa
21:50 Inver     : XDDD
21:50 JACKO     : co netherite sie szuka
21:50 Inver     : mam juz seta ale zbieram wiecej bo nie mam co robic XD
21:54 Inver     : Oh yeah, 500 lvl w mining XD
21:54 Inver     : es
21:54 JACKO     : no nieźle
21:54 Pitts     : tryhard *ekhm*
21:54 Inver     : Powidzialy co chca gale witherowi opierdalac XD
21:54 Inver     : Jebane trychardy
21:54 JACKO     : racja
21:55 Pitts     : ziomek co w netheritowym secie biega to powiedzial xD
21:55 Inver     : NIe obrazaj mnie
21:55 Inver     : 2 zrobilem takie
21:55 Inver     : XDD
22:01 Pitts     : czy ty
22:01 Inver     : ?
22:02 Pitts     : jestes ulany
22:02 MNLStaar  : jestem
22:02 MNLStaar  : owszem
22:02 MNLStaar  : siema btw
22:02 Pitts     : mowie do jacka xd
22:02 Inver     : XDDDDDDDDDDDDDd
22:02 Inver     : a to zbieg okolicznosci ciekawy
22:02 MNLStaar  : skad wiedziales ze mam na imie jacek?
22:02 Pitts     : telepatic
22:03 JACKO     : almost
22:06 MNLStaar  : ye ye
22:06 MNLStaar  : so
22:09 JACKO     : ok ja zwijam
22:09 JACKO     : nara
22:17 Inver     : ./mining
22:21 Inver     : ./warp exp
22:26 Inver     : ./bin
22:43 MNLStaar  : siema monka
22:43 Inver     : Siema
22:44 Monka2137 : siema
22:49 MNLStaar  : monka cho ds
22:49 Monka2137 : git
23:48 MNLStaar placed suspicious WATER_BUCKET @ world: x704, z282
23:50 MNLStaar placed suspicious WATER_BUCKET @ world: x701, z284
