16:27 000Mika   : siema
16:27 000Mika   : widzę
16:27 000Mika   : luz
16:36 Inver     : ./op Inver
16:36 Inver     : daj
16:36 Inver     : plz
16:36 000Mika   : no nie wiem XDDDD
16:36 Inver     : bo na konsole nie chce mi sie chjzowic
16:36 Inver     : dzieki <3
16:36 000Mika   : luz
16:37 Inver     : tylko jeden creeper w meiczyczasie obok mnie wybucl XD
16:37 000Mika   : XDDD
16:37 Inver     : rozmowa na mess?
16:37 000Mika   : to budujemy
16:37 Inver     : siema monak
16:37 000Mika   : monka
16:37 Inver     : monka
16:37 Inver     : xd
16:37 000Mika   : mordo moja
16:37 Monka2137 : nie moge pisac
16:38 Inver     : czm?
16:38 Monka2137 : ok moge
16:38 000Mika   : XDDD
16:38 Inver     : XD
16:38 Monka2137 : jakiś błąd był
16:38 Monka2137 : gadacie gdzieś
16:38 Monka2137 : nie chce mi się pisac
16:38 Inver     : na mess raczej
16:38 Inver     : bo Oliwia wiadomo XD
16:38 Inver     : i dc XD
16:38 Monka2137 : zadzwońcie
16:39 000Mika   : instaluje dc
16:39 Inver     : cooo XD
16:39 Monka2137 : omg
16:39 000Mika   : prosze mnie tu nie dyskryminować
16:39 Inver     : XDDD
16:39 Monka2137 : czekam
16:39 Inver     : ej monka
16:39 Inver     : ale spawn budujemy
16:39 Monka2137 : co
16:39 Inver     : peirwsze xd
16:39 Monka2137 : jak będziemy gadac bo tak niewygodnie
16:40 Inver     : no przez dc
16:40 Inver     : jak Oli zainstaluje
16:40 Monka2137 : to czekamy
16:40 Inver     : idzeimy na ten nasz kanal?
16:40 Inver     : @monka
16:41 000Mika   : już jaki kanał i gdzie
16:41 Inver     : ten co dodalem cie
16:41 Monka2137 : mi to bez roznicy
16:41 Inver     : kozacki serwer
16:41 Inver     : tak chyba sie naztwa
16:41 000Mika   : ładniejszego zdjęcia nie było
16:41 Inver     : to monka dodala XD
16:42 Monka2137 : stozek chodz
16:42 Monka2137 : dc
16:54 Inver     : ./kill
17:48 Inver     : s
19:15 Inver     : ./undo <liczba krokow>
