23:57 MNLStaar placed suspicious SALMON_BUCKET @ world: x706, z281
23:57 MNLStaar placed suspicious SALMON_BUCKET @ world: x706, z281
23:57 MNLStaar placed suspicious SALMON_BUCKET @ world: x704, z281
23:57 MNLStaar placed suspicious SALMON_BUCKET @ world: x704, z281
23:57 MNLStaar placed suspicious SALMON_BUCKET @ world: x704, z281
00:04 Inver     : . /tpa nick
10:22 Inver     : JD
10:27 Inver     : s
10:46 Inver     : test
10:55 Pitts     : cinciang are here?
10:55 Pitts     : xD
10:56 Pitts     : okej
11:20 CinCiang  : cześć Artur
11:20 Pitts     : admin w szlafroku yey xD
11:21 CinCiang  : yey
11:22 CinCiang  : pigstep jest czadowy xD
11:22 Pitts     : tak
11:24 CinCiang  : KTO TO MNLSTAAR;S
11:24 Pitts     : idk
11:24 CinCiang  : lel
11:25 CinCiang  : &f/v
11:25 CinCiang  : ejejejej
11:27 CinCiang  : Pitts masz to cos ze zwiru?
11:27 Pitts     : tam
11:27 Pitts     : tak
11:27 Pitts     : but w netherze jestem
11:28 CinCiang  : tarapaty
11:28 Pitts     : ile ci trzeba/
11:28 CinCiang  : +/-8
11:28 Pitts     : masz blaze rody?
11:29 CinCiang  : nie mam ale moge naexpic
11:29 CinCiang  : XD
11:29 Pitts     : dzieki
11:30 CinCiang  : chcesz wiecej>?
11:30 Pitts     : nie
11:30 CinCiang  : okay
11:33 CinCiang  : nie dzialaja kolorki ;<
11:36 Pitts     : mam pytanie
11:36 CinCiang  : nom
11:37 Pitts     : jest mozliwosc zmienia poziomu trudnosci na najwyzszy?
11:37 CinCiang  : prosze
11:37 Pitts     : dzieki
11:38 CinCiang  : &4&lAdmin w szlafroku ma cie na oku
11:40 CinCiang  : Pitts moge kupic mending?
11:41 Pitts     : poczekaj bo sie zamienia
11:41 CinCiang  : k
11:41 Pitts     : masz emeraldy?
11:41 CinCiang  : si
11:43 BlockPlayer002: 10/10
11:44 Pitts         : ?
11:44 BlockPlayer002: twój domek
11:44 Pitts         : dlugo nie postoi mam zamiar przebudowac
11:45 Pitts         : pawel come
11:45 Pitts         : 14 emeradlow za mending
11:45 Pitts         : zamienic go jeszcze raz?
11:47 CinCiang      : &6&lzrobcie dzialki na swoich domkach jesli brakuje wam blokow to piszcie
11:49 Pitts         : f
11:49 CinCiang      : xDDDDDD
11:52 BlockPlayer002 placed suspicious WATER_BUCKET @ world: x551, z179
11:53 Pitts         : wojtek whats u doing xD?
11:53 Pitts         : acrobatic nabijasz?
11:53 Inver         : XD
11:53 BlockPlayer002: Spadłem
11:53 BlockPlayer002: miałem zaćmienie
11:54 BlockPlayer002: i mnie mała świnia zrzuciła XFD
11:54 Pitts         : xD
11:55 Pitts         : inver mam cos czego pragniesz
11:55 Inver         : za ile?
11:56 Pitts         : za dix jedna ksiazka
11:56 Pitts         : 8
11:56 Inver         : 8 diaxow za jedna?
11:56 Pitts         : tak
11:56 Inver         : a jak kupie hurtowo to bedzie znizka?
11:56 Pitts         : hurtowo znaczy ile xD
11:56 Inver         : do 6
11:56 Inver         : tak z 12
11:56 Inver         : albo i wiecej
11:56 Inver         : 15
11:57 Inver         : za 90 diaxow bym kupil ile moge
11:57 Inver         : czyli 15?
11:57 Pitts         : ok tylko czekaj
11:58 Inver         : i git
11:58 Pitts         : no kurwa mac
11:58 Pitts         : jacek mi wzial skore
11:58 Inver         : xd
11:58 Inver         : a ile potrzebuuejsz?
11:58 Pitts         : 8 skory
11:59 Inver         : dobra moge w cenie 90 diaxow dodac to 8 skory za 15 ksiazek i git xd
11:59 Pitts         : okej xd
12:00 Pitts         : 11 czekaj
12:00 Pitts         : na restock
12:00 Inver         : ok
12:00 Inver         : to jak cos pisz
12:00 Pitts         : no spoko napisze ci
12:00 BlockPlayer002:  placed a sign @ world: x552, z179
  S
12:02 BlockPlayer002:  placed a sign @ world: x552, z181
  s
12:08 Inver         : 3?
12:08 Pitts         : 4
12:09 Pitts         : nvm
12:09 Pitts         : lag
12:09 Inver         : o dobra git xd
12:20 CinCiang      : jak sie dodawalo do dzialki
12:20 Pitts         : trust
12:20 Inver         : ./trust
12:20 CinCiang      : k
12:23 CinCiang      : Pitts po ile ty masz mending?
12:24 Pitts         : 1 ksiazka za 8 diaxow
12:24 CinCiang      : eme hehe
12:24 Pitts         : masz mieczyk z lootingiem?
12:25 CinCiang      : mam
12:25 Pitts         : XDDDDDD
12:25 Pitts         : big black cock nice
12:25 Pitts         : ile cchesz ksiaze?
12:26 Pitts         : serio?
12:26 CinCiang      : co serio
12:26 BlockPlayer002: \
12:26 CinCiang      : wojtek ty głupcze
12:26 BlockPlayer002: to ty
12:26 Pitts         : +1
12:27 Pitts         : macie luik?
12:27 CinCiang      : nie
12:28 BlockPlayer002: ./locate
12:30 Pitts         : help
12:32 CinCiang      : /tell Pitts masz goda xD 
12:33 Pitts         : xD
12:33 Pitts         : pawel ksiazki
12:33 Pitts         : come
12:36 CinCiang      : gg
12:36 Pitts         : gg
12:37 CinCiang      : rip set [*]
12:37 Pitts         : F
12:37 BlockPlayer002: No a więc muszę powiedzieć
12:37 BlockPlayer002: przepraszam
12:37 BlockPlayer002: ale to wina pawła XD
12:37 CinCiang      : to był 1 poziom
12:37 Pitts         : prosze nigdy wiecej sie tu do mnie nie tepac
12:37 Pitts         : XD
12:38 CinCiang      : jest 5 poziomow tego xD
12:54 Pitts         : pawel nie szpieguj nas
13:06 CinCiang      : także ten
13:06 CinCiang      : xD
13:06 Pitts         : oo cinciang sie magiczne pojawil hmmm
13:06 Pitts         : HMMMM
13:06 CinCiang      : zw
13:08 Pitts         : okej xD
13:08 Pitts         : czemu mnie to nie dziwi
13:23 CinCiang      : f
13:49 CinCiang      : afk
13:55 Pitts         : hejka
13:55 Monka2137     : siema
13:55 CinCiang      : czesc
14:02 Monka2137     : siema
14:02 Pitts         : elo
14:02 000Mika       : siema
14:03 Monka2137     : Artur sprzedajesz naprawe?
14:03 Pitts         : tak
14:03 Monka2137     : kupie
14:03 Pitts         : 8 diaxow za ksiazke
14:03 Monka2137     : git
14:03 Pitts         : ile potrzebujesz ksiazek?
14:03 Monka2137     : to 5 bym kupiła
14:03 Pitts         : 40 diaxow
14:04 Monka2137     : dziękuję <3
14:04 Pitts         : stonks
14:12 CinCiang      : ile ty masz tych kruf
14:13 Pitts         : wiem wiem malo ich ;<
14:20 CinCiang      : ez
14:25 000Mika       : zw
14:26 Inver         : Pitts sprzedasz zelazo?
14:26 Pitts         : a ile ci trzeba?
14:27 Inver         : potrzebuje 62 bloki
14:27 Pitts         : mam tylko 41
14:28 Inver         : za ile diaxow sprzedasz?
14:28 Pitts         : 1stack za 2 diaxy
14:28 Inver         : a mow w blokach zelaza per diamenty jezeli mozesz
14:29 Pitts         : a sorry moj blad xD
14:29 Pitts         : 82 diaxy
14:29 Inver         : za wszystko?
14:29 Pitts         : tak
14:29 Inver         : pojebalo
14:29 Inver         : nie mam tyle XD
14:29 Pitts         : xD
14:29 Pitts         : to idz kopac
14:29 Pitts         : ile masz?
14:31 Inver         : Moge kupic od cb 8 blokow zelaza @Pitts
14:31 Inver         : za ile diaxow?
14:32 Pitts         : 16
14:32 Inver         : 14?
14:32 Pitts         : moze byc
14:33 Inver         : thx
14:59 Inver         : . /invsee nick
15:03 Pitts         : serio pawel?
15:03 CinCiang      : xD
15:03 Inver         : co?
15:04 Pitts         : co sie mowi jak sie beka? xD
15:04 Inver         : jd
15:05 Pitts         : mardula jak ci sie podoba ten domek?
15:05 Pitts         : xD
15:05 CinCiang      : czad
15:06 Inver         : @Pitts masz ksiazki sharpness?
15:06 Pitts         : nie
15:06 Pitts         : chyba ze 1 xD
15:07 Inver         : w senise lvl I ?
15:07 Pitts         : tak
15:07 Inver         : a to nie xd
15:07 Inver         : /t 
15:28 Inver     : 0.5 * level + 0.5
15:28 Inver     : In Bedrock Edition, each level of Sharpness adds 1.25 extra damage.
15:40 Inver     : ts
15:40 CinCiang  : f
15:48 BlockPlayer002: dzień dobry
15:48 CinCiang      : czesc
15:54 zygfrydek02 placed suspicious WATER_BUCKET @ world: x861, z-458
16:00 CinCiang      : BlockPlayer002 dc?
16:13 BlockPlayer002: 55 METRO
16:15 BlockPlayer002 placed suspicious WATER_BUCKET @ world: x551, z181
16:18 BlockPlayer002: ma ktoś do sprzedania 1 slimeball?
16:24 CinCiang      : &6&lzrobcie dzialki na swoich domkach jesli brakuje wam blokow to piszcie, Działkę robi się złotą łopatą klikając PPM na dwóch przeciwległych blokach
16:28 BlockPlayer002 placed suspicious WATER_BUCKET @ world: x124, z805
16:41 Inver         : t
16:46 SzewM1da      : F
17:08 Inver         : t
17:08 Inver         : dc mi wyjeabloi
17:08 Inver         : F
17:08 Inver         : dziala wam?
17:08 CinCiang      : dziala
17:08 000Mika       : tak
17:08 Inver         : wiec wtf
17:10 zygfrydek02   : czm tu jest gigant
17:11 zygfrydek02   : xdddd
17:11 Inver         : a przyszedl sb
17:11 000Mika       : nie zabijaj stefana
17:11 Inver         : nie moze
17:11 Inver         : tak samo jak ja wbic na dc
17:11 Inver         : xd
17:11 CinCiang      : xD
17:12 zygfrydek02   : ma ktos trzcine cukrową do oddania
17:13 Inver         : slodki dmg
17:13 Inver         : zostawm nie
17:13 Inver         : mnie
17:13 Inver         : bo odruchowo wiesz co zrobie
17:13 000Mika       : XD
17:13 Inver         : czk
17:13 Inver         : nie bij mnie XD
17:14 Inver         : masz za swoje XD
17:14 Inver         : O chyba dc sie wlacza
17:19 zygfrydek02   : moge trzcine
17:20 000Mika       : mam 2 sztuki
17:20 zygfrydek02   : a zetniesz na górze
17:21 zygfrydek02   : dziękuje <3
17:21 000Mika       : luz
17:30 zygfrydek02   : f
17:38 zygfrydek02   : pa
17:38 CinCiang      : ca
18:42 Pokero_meno   : czesc
18:55 Pokero_meno   : /r nie 
